{
    "0": {
        "ethHdr": {
            "dst": "fe::ff::20::00::01::00",
            "src": "00::00::01::00::00::00",
            "type": "0x0800"
        },
        "incLen": 62,
        "ip4Hdr": {
            "checksum": "0x91eb",
            "dst": "65.208.228.223",
            "flags": "0x2",
            "fragmentOffset": 0,
            "headerLen": 5,
            "protocol": 6,
            "src": "145.254.160.237",
            "timeToLive": 128,
            "totalId": 3905,
            "totalLen": 48,
            "typeOfService": 0,
            "version": 4
        },
        "origLen": 62,
        "tcpHdr": {
            "ackNum": 0,
            "checksum": 49932,
            "dstPort": 80,
            "flags": 2,
            "offset": 7,
            "seqNum": 951057939,
            "srcPort": 3372,
            "urgentPtr": 0,
            "window": 8760
        },
        "tmSec": 1084443427,
        "tmUSec": 311224
    },
    "1": {
        "ethHdr": {
            "dst": "00::00::01::00::00::00",
            "src": "fe::ff::20::00::01::00",
            "type": "0x0800"
        },
        "incLen": 62,
        "ip4Hdr": {
            "checksum": "0xf22c",
            "dst": "145.254.160.237",
            "flags": "0x2",
            "fragmentOffset": 0,
            "headerLen": 5,
            "protocol": 6,
            "src": "65.208.228.223",
            "timeToLive": 47,
            "totalId": 0,
            "totalLen": 48,
            "typeOfService": 0,
            "version": 4
        },
        "origLen": 62,
        "tcpHdr": {
            "ackNum": 951057940,
            "checksum": 23516,
            "dstPort": 3372,
            "flags": 18,
            "offset": 7,
            "seqNum": 290218379,
            "srcPort": 80,
            "urgentPtr": 0,
            "window": 5840
        },
        "tmSec": 1084443428,
        "tmUSec": 222534
    },
    "10": {
        "ethHdr": {
            "dst": "00::00::01::00::00::00",
            "src": "fe::ff::20::00::01::00",
            "type": "0x0800"
        },
        "incLen": 1434,
        "ip4Hdr": {
            "checksum": "0x2c2e",
            "dst": "145.254.160.237",
            "flags": "0x2",
            "fragmentOffset": 0,
            "headerLen": 5,
            "protocol": 6,
            "src": "65.208.228.223",
            "timeToLive": 47,
            "totalId": 49314,
            "totalLen": 1420,
            "typeOfService": 0,
            "version": 4
        },
        "origLen": 1434,
        "tcpHdr": {
            "ackNum": 951058419,
            "checksum": 57653,
            "dstPort": 3372,
            "flags": 24,
            "offset": 5,
            "seqNum": 290222520,
            "srcPort": 80,
            "urgentPtr": 0,
            "window": 6432
        },
        "tmSec": 1084443429,
        "tmUSec": 864896
    },
    "11": {
        "ethHdr": {
            "dst": "fe::ff::20::00::01::00",
            "src": "00::00::01::00::00::00",
            "type": "0x0800"
        },
        "incLen": 54,
        "ip4Hdr": {
            "checksum": "0x91ec",
            "dst": "65.208.228.223",
            "flags": "0x2",
            "fragmentOffset": 0,
            "headerLen": 5,
            "protocol": 6,
            "src": "145.254.160.237",
            "timeToLive": 128,
            "totalId": 3912,
            "totalLen": 40,
            "typeOfService": 0,
            "version": 4
        },
        "origLen": 54,
        "tcpHdr": {
            "ackNum": 290223900,
            "checksum": 25077,
            "dstPort": 80,
            "flags": 16,
            "offset": 5,
            "seqNum": 951058419,
            "srcPort": 3372,
            "urgentPtr": 0,
            "window": 9660
        },
        "tmSec": 1084443429,
        "tmUSec": 864896
    },
    "12": {
        "ethHdr": {
            "dst": "fe::ff::20::00::01::00",
            "src": "00::00::01::00::00::00",
            "type": "0x0800"
        },
        "incLen": 89,
        "ip4Hdr": {
            "checksum": "0x63a5",
            "dst": "145.253.2.203",
            "flags": "0x0",
            "fragmentOffset": 0,
            "headerLen": 5,
            "protocol": 17,
            "src": "145.254.160.237",
            "timeToLive": 128,
            "totalId": 3913,
            "totalLen": 75,
            "typeOfService": 0,
            "version": 4
        },
        "origLen": 89,
        "tmSec": 1084443429,
        "tmUSec": 864896
    },
    "13": {
        "ethHdr": {
            "dst": "00::00::01::00::00::00",
            "src": "fe::ff::20::00::01::00",
            "type": "0x0800"
        },
        "incLen": 1434,
        "ip4Hdr": {
            "checksum": "0x2c2d",
            "dst": "145.254.160.237",
            "flags": "0x2",
            "fragmentOffset": 0,
            "headerLen": 5,
            "protocol": 6,
            "src": "65.208.228.223",
            "timeToLive": 47,
            "totalId": 49315,
            "totalLen": 1420,
            "typeOfService": 0,
            "version": 4
        },
        "origLen": 1434,
        "tcpHdr": {
            "ackNum": 951058419,
            "checksum": 41848,
            "dstPort": 3372,
            "flags": 16,
            "offset": 5,
            "seqNum": 290223900,
            "srcPort": 80,
            "urgentPtr": 0,
            "window": 6432
        },
        "tmSec": 1084443429,
        "tmUSec": 945011
    },
    "14": {
        "ethHdr": {
            "dst": "fe::ff::20::00::01::00",
            "src": "00::00::01::00::00::00",
            "type": "0x0800"
        },
        "incLen": 54,
        "ip4Hdr": {
            "checksum": "0x91ea",
            "dst": "65.208.228.223",
            "flags": "0x2",
            "fragmentOffset": 0,
            "headerLen": 5,
            "protocol": 6,
            "src": "145.254.160.237",
            "timeToLive": 128,
            "totalId": 3914,
            "totalLen": 40,
            "typeOfService": 0,
            "version": 4
        },
        "origLen": 54,
        "tcpHdr": {
            "ackNum": 290225280,
            "checksum": 23697,
            "dstPort": 80,
            "flags": 16,
            "offset": 5,
            "seqNum": 951058419,
            "srcPort": 3372,
            "urgentPtr": 0,
            "window": 9660
        },
        "tmSec": 1084443430,
        "tmUSec": 125270
    },
    "15": {
        "ethHdr": {
            "dst": "00::00::01::00::00::00",
            "src": "fe::ff::20::00::01::00",
            "type": "0x0800"
        },
        "incLen": 1434,
        "ip4Hdr": {
            "checksum": "0x2c2c",
            "dst": "145.254.160.237",
            "flags": "0x2",
            "fragmentOffset": 0,
            "headerLen": 5,
            "protocol": 6,
            "src": "65.208.228.223",
            "timeToLive": 47,
            "totalId": 49316,
            "totalLen": 1420,
            "typeOfService": 0,
            "version": 4
        },
        "origLen": 1434,
        "tcpHdr": {
            "ackNum": 951058419,
            "checksum": 39171,
            "dstPort": 3372,
            "flags": 16,
            "offset": 5,
            "seqNum": 290225280,
            "srcPort": 80,
            "urgentPtr": 0,
            "window": 6432
        },
        "tmSec": 1084443430,
        "tmUSec": 205385
    },
    "16": {
        "ethHdr": {
            "dst": "00::00::01::00::00::00",
            "src": "fe::ff::20::00::01::00",
            "type": "0x0800"
        },
        "incLen": 188,
        "ip4Hdr": {
            "checksum": "0xa3f5",
            "dst": "145.254.160.237",
            "flags": "0x2",
            "fragmentOffset": 0,
            "headerLen": 5,
            "protocol": 17,
            "src": "145.253.2.203",
            "timeToLive": 249,
            "totalId": 5525,
            "totalLen": 174,
            "typeOfService": 0,
            "version": 4
        },
        "origLen": 188,
        "tmSec": 1084443430,
        "tmUSec": 225414
    },
    "17": {
        "ethHdr": {
            "dst": "fe::ff::20::00::01::00",
            "src": "00::00::01::00::00::00",
            "type": "0x0800"
        },
        "incLen": 775,
        "ip4Hdr": {
            "checksum": "0xa173",
            "dst": "216.239.59.99",
            "flags": "0x2",
            "fragmentOffset": 0,
            "headerLen": 5,
            "protocol": 6,
            "src": "145.254.160.237",
            "timeToLive": 128,
            "totalId": 3917,
            "totalLen": 761,
            "typeOfService": 0,
            "version": 4
        },
        "origLen": 775,
        "tcpHdr": {
            "ackNum": 778785668,
            "checksum": 2916,
            "dstPort": 80,
            "flags": 24,
            "offset": 5,
            "seqNum": 918691368,
            "srcPort": 3371,
            "urgentPtr": 0,
            "window": 8760
        },
        "tmSec": 1084443430,
        "tmUSec": 295515
    },
    "18": {
        "ethHdr": {
            "dst": "fe::ff::20::00::01::00",
            "src": "00::00::01::00::00::00",
            "type": "0x0800"
        },
        "incLen": 54,
        "ip4Hdr": {
            "checksum": "0x91e6",
            "dst": "65.208.228.223",
            "flags": "0x2",
            "fragmentOffset": 0,
            "headerLen": 5,
            "protocol": 6,
            "src": "145.254.160.237",
            "timeToLive": 128,
            "totalId": 3918,
            "totalLen": 40,
            "typeOfService": 0,
            "version": 4
        },
        "origLen": 54,
        "tcpHdr": {
            "ackNum": 290226660,
            "checksum": 22317,
            "dstPort": 80,
            "flags": 16,
            "offset": 5,
            "seqNum": 951058419,
            "srcPort": 3372,
            "urgentPtr": 0,
            "window": 9660
        },
        "tmSec": 1084443430,
        "tmUSec": 325558
    },
    "19": {
        "ethHdr": {
            "dst": "00::00::01::00::00::00",
            "src": "fe::ff::20::00::01::00",
            "type": "0x0800"
        },
        "incLen": 1434,
        "ip4Hdr": {
            "checksum": "0x2c2b",
            "dst": "145.254.160.237",
            "flags": "0x2",
            "fragmentOffset": 0,
            "headerLen": 5,
            "protocol": 6,
            "src": "65.208.228.223",
            "timeToLive": 47,
            "totalId": 49317,
            "totalLen": 1420,
            "typeOfService": 0,
            "version": 4
        },
        "origLen": 1434,
        "tcpHdr": {
            "ackNum": 951058419,
            "checksum": 8061,
            "dstPort": 3372,
            "flags": 16,
            "offset": 5,
            "seqNum": 290226660,
            "srcPort": 80,
            "urgentPtr": 0,
            "window": 6432
        },
        "tmSec": 1084443430,
        "tmUSec": 686076
    },
    "2": {
        "ethHdr": {
            "dst": "fe::ff::20::00::01::00",
            "src": "00::00::01::00::00::00",
            "type": "0x0800"
        },
        "incLen": 54,
        "ip4Hdr": {
            "checksum": "0x91f0",
            "dst": "65.208.228.223",
            "flags": "0x2",
            "fragmentOffset": 0,
            "headerLen": 5,
            "protocol": 6,
            "src": "145.254.160.237",
            "timeToLive": 128,
            "totalId": 3908,
            "totalLen": 40,
            "typeOfService": 0,
            "version": 4
        },
        "origLen": 54,
        "tcpHdr": {
            "ackNum": 290218380,
            "checksum": 31076,
            "dstPort": 80,
            "flags": 16,
            "offset": 5,
            "seqNum": 951057940,
            "srcPort": 3372,
            "urgentPtr": 0,
            "window": 9660
        },
        "tmSec": 1084443428,
        "tmUSec": 222534
    },
    "20": {
        "ethHdr": {
            "dst": "00::00::01::00::00::00",
            "src": "fe::ff::20::00::01::00",
            "type": "0x0800"
        },
        "incLen": 1434,
        "ip4Hdr": {
            "checksum": "0x2c2a",
            "dst": "145.254.160.237",
            "flags": "0x2",
            "fragmentOffset": 0,
            "headerLen": 5,
            "protocol": 6,
            "src": "65.208.228.223",
            "timeToLive": 47,
            "totalId": 49318,
            "totalLen": 1420,
            "typeOfService": 0,
            "version": 4
        },
        "origLen": 1434,
        "tcpHdr": {
            "ackNum": 951058419,
            "checksum": 48399,
            "dstPort": 3372,
            "flags": 24,
            "offset": 5,
            "seqNum": 290228040,
            "srcPort": 80,
            "urgentPtr": 0,
            "window": 6432
        },
        "tmSec": 1084443430,
        "tmUSec": 806249
    },
    "21": {
        "ethHdr": {
            "dst": "fe::ff::20::00::01::00",
            "src": "00::00::01::00::00::00",
            "type": "0x0800"
        },
        "incLen": 54,
        "ip4Hdr": {
            "checksum": "0x91e5",
            "dst": "65.208.228.223",
            "flags": "0x2",
            "fragmentOffset": 0,
            "headerLen": 5,
            "protocol": 6,
            "src": "145.254.160.237",
            "timeToLive": 128,
            "totalId": 3919,
            "totalLen": 40,
            "typeOfService": 0,
            "version": 4
        },
        "origLen": 54,
        "tcpHdr": {
            "ackNum": 290229420,
            "checksum": 19557,
            "dstPort": 80,
            "flags": 16,
            "offset": 5,
            "seqNum": 951058419,
            "srcPort": 3372,
            "urgentPtr": 0,
            "window": 9660
        },
        "tmSec": 1084443430,
        "tmUSec": 806249
    },
    "22": {
        "ethHdr": {
            "dst": "00::00::01::00::00::00",
            "src": "fe::ff::20::00::01::00",
            "type": "0x0800"
        },
        "incLen": 1434,
        "ip4Hdr": {
            "checksum": "0x2c29",
            "dst": "145.254.160.237",
            "flags": "0x2",
            "fragmentOffset": 0,
            "headerLen": 5,
            "protocol": 6,
            "src": "65.208.228.223",
            "timeToLive": 47,
            "totalId": 49319,
            "totalLen": 1420,
            "typeOfService": 0,
            "version": 4
        },
        "origLen": 1434,
        "tcpHdr": {
            "ackNum": 951058419,
            "checksum": 49029,
            "dstPort": 3372,
            "flags": 16,
            "offset": 5,
            "seqNum": 290229420,
            "srcPort": 80,
            "urgentPtr": 0,
            "window": 6432
        },
        "tmSec": 1084443430,
        "tmUSec": 946451
    },
    "23": {
        "ethHdr": {
            "dst": "00::00::01::00::00::00",
            "src": "fe::ff::20::00::01::00",
            "type": "0x0800"
        },
        "incLen": 54,
        "ip4Hdr": {
            "checksum": "0xb749",
            "dst": "145.254.160.237",
            "flags": "0x0",
            "fragmentOffset": 0,
            "headerLen": 5,
            "protocol": 6,
            "src": "216.239.59.99",
            "timeToLive": 55,
            "totalId": 34104,
            "totalLen": 40,
            "typeOfService": 16,
            "version": 4
        },
        "origLen": 54,
        "tcpHdr": {
            "ackNum": 918692089,
            "checksum": 1676,
            "dstPort": 3371,
            "flags": 16,
            "offset": 5,
            "seqNum": 778785668,
            "srcPort": 80,
            "urgentPtr": 0,
            "window": 31460
        },
        "tmSec": 1084443430,
        "tmUSec": 956465
    },
    "24": {
        "ethHdr": {
            "dst": "fe::ff::20::00::01::00",
            "src": "00::00::01::00::00::00",
            "type": "0x0800"
        },
        "incLen": 54,
        "ip4Hdr": {
            "checksum": "0x91e4",
            "dst": "65.208.228.223",
            "flags": "0x2",
            "fragmentOffset": 0,
            "headerLen": 5,
            "protocol": 6,
            "src": "145.254.160.237",
            "timeToLive": 128,
            "totalId": 3920,
            "totalLen": 40,
            "typeOfService": 0,
            "version": 4
        },
        "origLen": 54,
        "tcpHdr": {
            "ackNum": 290230800,
            "checksum": 18177,
            "dstPort": 80,
            "flags": 16,
            "offset": 5,
            "seqNum": 951058419,
            "srcPort": 3372,
            "urgentPtr": 0,
            "window": 9660
        },
        "tmSec": 1084443431,
        "tmUSec": 126710
    },
    "25": {
        "ethHdr": {
            "dst": "00::00::01::00::00::00",
            "src": "fe::ff::20::00::01::00",
            "type": "0x0800"
        },
        "incLen": 1484,
        "ip4Hdr": {
            "checksum": "0xb11d",
            "dst": "145.254.160.237",
            "flags": "0x0",
            "fragmentOffset": 0,
            "headerLen": 5,
            "protocol": 6,
            "src": "216.239.59.99",
            "timeToLive": 55,
            "totalId": 34254,
            "totalLen": 1470,
            "typeOfService": 16,
            "version": 4
        },
        "origLen": 1484,
        "tcpHdr": {
            "ackNum": 918692089,
            "checksum": 44249,
            "dstPort": 3371,
            "flags": 24,
            "offset": 5,
            "seqNum": 778785668,
            "srcPort": 80,
            "urgentPtr": 0,
            "window": 31460
        },
        "tmSec": 1084443431,
        "tmUSec": 226854
    },
    "26": {
        "ethHdr": {
            "dst": "00::00::01::00::00::00",
            "src": "fe::ff::20::00::01::00",
            "type": "0x0800"
        },
        "incLen": 214,
        "ip4Hdr": {
            "checksum": "0xb612",
            "dst": "145.254.160.237",
            "flags": "0x0",
            "fragmentOffset": 0,
            "headerLen": 5,
            "protocol": 6,
            "src": "216.239.59.99",
            "timeToLive": 55,
            "totalId": 34255,
            "totalLen": 200,
            "typeOfService": 16,
            "version": 4
        },
        "origLen": 214,
        "tcpHdr": {
            "ackNum": 918692089,
            "checksum": 56873,
            "dstPort": 3371,
            "flags": 24,
            "offset": 5,
            "seqNum": 778787098,
            "srcPort": 80,
            "urgentPtr": 0,
            "window": 31460
        },
        "tmSec": 1084443431,
        "tmUSec": 266912
    },
    "27": {
        "ethHdr": {
            "dst": "fe::ff::20::00::01::00",
            "src": "00::00::01::00::00::00",
            "type": "0x0800"
        },
        "incLen": 54,
        "ip4Hdr": {
            "checksum": "0xa43e",
            "dst": "216.239.59.99",
            "flags": "0x2",
            "fragmentOffset": 0,
            "headerLen": 5,
            "protocol": 6,
            "src": "145.254.160.237",
            "timeToLive": 128,
            "totalId": 3923,
            "totalLen": 40,
            "typeOfService": 0,
            "version": 4
        },
        "origLen": 54,
        "tcpHdr": {
            "ackNum": 778787258,
            "checksum": 22786,
            "dstPort": 80,
            "flags": 16,
            "offset": 5,
            "seqNum": 918692089,
            "srcPort": 3371,
            "urgentPtr": 0,
            "window": 8760
        },
        "tmSec": 1084443431,
        "tmUSec": 266912
    },
    "28": {
        "ethHdr": {
            "dst": "00::00::01::00::00::00",
            "src": "fe::ff::20::00::01::00",
            "type": "0x0800"
        },
        "incLen": 1434,
        "ip4Hdr": {
            "checksum": "0x2c28",
            "dst": "145.254.160.237",
            "flags": "0x2",
            "fragmentOffset": 0,
            "headerLen": 5,
            "protocol": 6,
            "src": "65.208.228.223",
            "timeToLive": 47,
            "totalId": 49320,
            "totalLen": 1420,
            "typeOfService": 0,
            "version": 4
        },
        "origLen": 1434,
        "tcpHdr": {
            "ackNum": 951058419,
            "checksum": 33785,
            "dstPort": 3372,
            "flags": 24,
            "offset": 5,
            "seqNum": 290230800,
            "srcPort": 80,
            "urgentPtr": 0,
            "window": 6432
        },
        "tmSec": 1084443431,
        "tmUSec": 417128
    },
    "29": {
        "ethHdr": {
            "dst": "fe::ff::20::00::01::00",
            "src": "00::00::01::00::00::00",
            "type": "0x0800"
        },
        "incLen": 54,
        "ip4Hdr": {
            "checksum": "0x91de",
            "dst": "65.208.228.223",
            "flags": "0x2",
            "fragmentOffset": 0,
            "headerLen": 5,
            "protocol": 6,
            "src": "145.254.160.237",
            "timeToLive": 128,
            "totalId": 3926,
            "totalLen": 40,
            "typeOfService": 0,
            "version": 4
        },
        "origLen": 54,
        "tcpHdr": {
            "ackNum": 290232180,
            "checksum": 16797,
            "dstPort": 80,
            "flags": 16,
            "offset": 5,
            "seqNum": 951058419,
            "srcPort": 3372,
            "urgentPtr": 0,
            "window": 9660
        },
        "tmSec": 1084443431,
        "tmUSec": 527286
    },
    "3": {
        "ethHdr": {
            "dst": "fe::ff::20::00::01::00",
            "src": "00::00::01::00::00::00",
            "type": "0x0800"
        },
        "incLen": 533,
        "ip4Hdr": {
            "checksum": "0x9010",
            "dst": "65.208.228.223",
            "flags": "0x2",
            "fragmentOffset": 0,
            "headerLen": 5,
            "protocol": 6,
            "src": "145.254.160.237",
            "timeToLive": 128,
            "totalId": 3909,
            "totalLen": 519,
            "typeOfService": 0,
            "version": 4
        },
        "origLen": 533,
        "tcpHdr": {
            "ackNum": 290218380,
            "checksum": 43352,
            "dstPort": 80,
            "flags": 24,
            "offset": 5,
            "seqNum": 951057940,
            "srcPort": 3372,
            "urgentPtr": 0,
            "window": 9660
        },
        "tmSec": 1084443428,
        "tmUSec": 222534
    },
    "30": {
        "ethHdr": {
            "dst": "00::00::01::00::00::00",
            "src": "fe::ff::20::00::01::00",
            "type": "0x0800"
        },
        "incLen": 1434,
        "ip4Hdr": {
            "checksum": "0x2c27",
            "dst": "145.254.160.237",
            "flags": "0x2",
            "fragmentOffset": 0,
            "headerLen": 5,
            "protocol": 6,
            "src": "65.208.228.223",
            "timeToLive": 47,
            "totalId": 49321,
            "totalLen": 1420,
            "typeOfService": 0,
            "version": 4
        },
        "origLen": 1434,
        "tcpHdr": {
            "ackNum": 951058419,
            "checksum": 24453,
            "dstPort": 3372,
            "flags": 16,
            "offset": 5,
            "seqNum": 290232180,
            "srcPort": 80,
            "urgentPtr": 0,
            "window": 6432
        },
        "tmSec": 1084443431,
        "tmUSec": 537300
    },
    "31": {
        "ethHdr": {
            "dst": "00::00::01::00::00::00",
            "src": "fe::ff::20::00::01::00",
            "type": "0x0800"
        },
        "incLen": 1434,
        "ip4Hdr": {
            "checksum": "0x2c26",
            "dst": "145.254.160.237",
            "flags": "0x2",
            "fragmentOffset": 0,
            "headerLen": 5,
            "protocol": 6,
            "src": "65.208.228.223",
            "timeToLive": 47,
            "totalId": 49322,
            "totalLen": 1420,
            "typeOfService": 0,
            "version": 4
        },
        "origLen": 1434,
        "tcpHdr": {
            "ackNum": 951058419,
            "checksum": 1562,
            "dstPort": 3372,
            "flags": 16,
            "offset": 5,
            "seqNum": 290233560,
            "srcPort": 80,
            "urgentPtr": 0,
            "window": 6432
        },
        "tmSec": 1084443431,
        "tmUSec": 667488
    },
    "32": {
        "ethHdr": {
            "dst": "fe::ff::20::00::01::00",
            "src": "00::00::01::00::00::00",
            "type": "0x0800"
        },
        "incLen": 54,
        "ip4Hdr": {
            "checksum": "0x91dd",
            "dst": "65.208.228.223",
            "flags": "0x2",
            "fragmentOffset": 0,
            "headerLen": 5,
            "protocol": 6,
            "src": "145.254.160.237",
            "timeToLive": 128,
            "totalId": 3927,
            "totalLen": 40,
            "typeOfService": 0,
            "version": 4
        },
        "origLen": 54,
        "tcpHdr": {
            "ackNum": 290234940,
            "checksum": 14037,
            "dstPort": 80,
            "flags": 16,
            "offset": 5,
            "seqNum": 951058419,
            "srcPort": 3372,
            "urgentPtr": 0,
            "window": 9660
        },
        "tmSec": 1084443431,
        "tmUSec": 667488
    },
    "33": {
        "ethHdr": {
            "dst": "00::00::01::00::00::00",
            "src": "fe::ff::20::00::01::00",
            "type": "0x0800"
        },
        "incLen": 1434,
        "ip4Hdr": {
            "checksum": "0x2c25",
            "dst": "145.254.160.237",
            "flags": "0x2",
            "fragmentOffset": 0,
            "headerLen": 5,
            "protocol": 6,
            "src": "65.208.228.223",
            "timeToLive": 47,
            "totalId": 49323,
            "totalLen": 1420,
            "typeOfService": 0,
            "version": 4
        },
        "origLen": 1434,
        "tcpHdr": {
            "ackNum": 951058419,
            "checksum": 14700,
            "dstPort": 3372,
            "flags": 16,
            "offset": 5,
            "seqNum": 290234940,
            "srcPort": 80,
            "urgentPtr": 0,
            "window": 6432
        },
        "tmSec": 1084443431,
        "tmUSec": 807689
    },
    "34": {
        "ethHdr": {
            "dst": "fe::ff::20::00::01::00",
            "src": "00::00::01::00::00::00",
            "type": "0x0800"
        },
        "incLen": 54,
        "ip4Hdr": {
            "checksum": "0x91dc",
            "dst": "65.208.228.223",
            "flags": "0x2",
            "fragmentOffset": 0,
            "headerLen": 5,
            "protocol": 6,
            "src": "145.254.160.237",
            "timeToLive": 128,
            "totalId": 3928,
            "totalLen": 40,
            "typeOfService": 0,
            "version": 4
        },
        "origLen": 54,
        "tcpHdr": {
            "ackNum": 290236320,
            "checksum": 12657,
            "dstPort": 80,
            "flags": 16,
            "offset": 5,
            "seqNum": 951058419,
            "srcPort": 3372,
            "urgentPtr": 0,
            "window": 9660
        },
        "tmSec": 1084443431,
        "tmUSec": 807689
    },
    "35": {
        "ethHdr": {
            "dst": "00::00::01::00::00::00",
            "src": "fe::ff::20::00::01::00",
            "type": "0x0800"
        },
        "incLen": 1484,
        "ip4Hdr": {
            "checksum": "0xa9ff",
            "dst": "145.254.160.237",
            "flags": "0x0",
            "fragmentOffset": 0,
            "headerLen": 5,
            "protocol": 6,
            "src": "216.239.59.99",
            "timeToLive": 55,
            "totalId": 36076,
            "totalLen": 1470,
            "typeOfService": 16,
            "version": 4
        },
        "origLen": 1484,
        "tcpHdr": {
            "ackNum": 918692089,
            "checksum": 44249,
            "dstPort": 3371,
            "flags": 24,
            "offset": 5,
            "seqNum": 778785668,
            "srcPort": 80,
            "urgentPtr": 0,
            "window": 31460
        },
        "tmSec": 1084443432,
        "tmUSec": 88092
    },
    "36": {
        "ethHdr": {
            "dst": "fe::ff::20::00::01::00",
            "src": "00::00::01::00::00::00",
            "type": "0x0800"
        },
        "incLen": 54,
        "ip4Hdr": {
            "checksum": "0xa438",
            "dst": "216.239.59.99",
            "flags": "0x2",
            "fragmentOffset": 0,
            "headerLen": 5,
            "protocol": 6,
            "src": "145.254.160.237",
            "timeToLive": 128,
            "totalId": 3929,
            "totalLen": 40,
            "typeOfService": 0,
            "version": 4
        },
        "origLen": 54,
        "tcpHdr": {
            "ackNum": 778787258,
            "checksum": 22786,
            "dstPort": 80,
            "flags": 16,
            "offset": 5,
            "seqNum": 918692089,
            "srcPort": 3371,
            "urgentPtr": 0,
            "window": 8760
        },
        "tmSec": 1084443432,
        "tmUSec": 88092
    },
    "37": {
        "ethHdr": {
            "dst": "00::00::01::00::00::00",
            "src": "fe::ff::20::00::01::00",
            "type": "0x0800"
        },
        "incLen": 478,
        "ip4Hdr": {
            "checksum": "0x2fe0",
            "dst": "145.254.160.237",
            "flags": "0x2",
            "fragmentOffset": 0,
            "headerLen": 5,
            "protocol": 6,
            "src": "65.208.228.223",
            "timeToLive": 47,
            "totalId": 49324,
            "totalLen": 464,
            "typeOfService": 0,
            "version": 4
        },
        "origLen": 478,
        "tcpHdr": {
            "ackNum": 951058419,
            "checksum": 15767,
            "dstPort": 3372,
            "flags": 24,
            "offset": 5,
            "seqNum": 290236320,
            "srcPort": 80,
            "urgentPtr": 0,
            "window": 6432
        },
        "tmSec": 1084443432,
        "tmUSec": 158193
    },
    "38": {
        "ethHdr": {
            "dst": "fe::ff::20::00::01::00",
            "src": "00::00::01::00::00::00",
            "type": "0x0800"
        },
        "incLen": 54,
        "ip4Hdr": {
            "checksum": "0x91d8",
            "dst": "65.208.228.223",
            "flags": "0x2",
            "fragmentOffset": 0,
            "headerLen": 5,
            "protocol": 6,
            "src": "145.254.160.237",
            "timeToLive": 128,
            "totalId": 3932,
            "totalLen": 40,
            "typeOfService": 0,
            "version": 4
        },
        "origLen": 54,
        "tcpHdr": {
            "ackNum": 290236744,
            "checksum": 12657,
            "dstPort": 80,
            "flags": 16,
            "offset": 5,
            "seqNum": 951058419,
            "srcPort": 3372,
            "urgentPtr": 0,
            "window": 9236
        },
        "tmSec": 1084443432,
        "tmUSec": 328438
    },
    "39": {
        "ethHdr": {
            "dst": "00::00::01::00::00::00",
            "src": "fe::ff::20::00::01::00",
            "type": "0x0800"
        },
        "incLen": 54,
        "ip4Hdr": {
            "checksum": "0x3187",
            "dst": "145.254.160.237",
            "flags": "0x2",
            "fragmentOffset": 0,
            "headerLen": 5,
            "protocol": 6,
            "src": "65.208.228.223",
            "timeToLive": 47,
            "totalId": 49325,
            "totalLen": 40,
            "typeOfService": 0,
            "version": 4
        },
        "origLen": 54,
        "tcpHdr": {
            "ackNum": 951058419,
            "checksum": 15460,
            "dstPort": 3372,
            "flags": 17,
            "offset": 5,
            "seqNum": 290236744,
            "srcPort": 80,
            "urgentPtr": 0,
            "window": 6432
        },
        "tmSec": 1084443445,
        "tmUSec": 216971
    },
    "4": {
        "ethHdr": {
            "dst": "00::00::01::00::00::00",
            "src": "fe::ff::20::00::01::00",
            "type": "0x0800"
        },
        "incLen": 54,
        "ip4Hdr": {
            "checksum": "0x3196",
            "dst": "145.254.160.237",
            "flags": "0x2",
            "fragmentOffset": 0,
            "headerLen": 5,
            "protocol": 6,
            "src": "65.208.228.223",
            "timeToLive": 47,
            "totalId": 49310,
            "totalLen": 40,
            "typeOfService": 0,
            "version": 4
        },
        "origLen": 54,
        "tcpHdr": {
            "ackNum": 951058419,
            "checksum": 33825,
            "dstPort": 3372,
            "flags": 16,
            "offset": 5,
            "seqNum": 290218380,
            "srcPort": 80,
            "urgentPtr": 0,
            "window": 6432
        },
        "tmSec": 1084443428,
        "tmUSec": 783340
    },
    "40": {
        "ethHdr": {
            "dst": "fe::ff::20::00::01::00",
            "src": "00::00::01::00::00::00",
            "type": "0x0800"
        },
        "incLen": 54,
        "ip4Hdr": {
            "checksum": "0x91d5",
            "dst": "65.208.228.223",
            "flags": "0x2",
            "fragmentOffset": 0,
            "headerLen": 5,
            "protocol": 6,
            "src": "145.254.160.237",
            "timeToLive": 128,
            "totalId": 3935,
            "totalLen": 40,
            "typeOfService": 0,
            "version": 4
        },
        "origLen": 54,
        "tcpHdr": {
            "ackNum": 290236745,
            "checksum": 12656,
            "dstPort": 80,
            "flags": 16,
            "offset": 5,
            "seqNum": 951058419,
            "srcPort": 3372,
            "urgentPtr": 0,
            "window": 9236
        },
        "tmSec": 1084443445,
        "tmUSec": 216971
    },
    "41": {
        "ethHdr": {
            "dst": "fe::ff::20::00::01::00",
            "src": "00::00::01::00::00::00",
            "type": "0x0800"
        },
        "incLen": 54,
        "ip4Hdr": {
            "checksum": "0x91d2",
            "dst": "65.208.228.223",
            "flags": "0x2",
            "fragmentOffset": 0,
            "headerLen": 5,
            "protocol": 6,
            "src": "145.254.160.237",
            "timeToLive": 128,
            "totalId": 3938,
            "totalLen": 40,
            "typeOfService": 0,
            "version": 4
        },
        "origLen": 54,
        "tcpHdr": {
            "ackNum": 290236745,
            "checksum": 12655,
            "dstPort": 80,
            "flags": 17,
            "offset": 5,
            "seqNum": 951058419,
            "srcPort": 3372,
            "urgentPtr": 0,
            "window": 9236
        },
        "tmSec": 1084443457,
        "tmUSec": 374452
    },
    "42": {
        "ethHdr": {
            "dst": "00::00::01::00::00::00",
            "src": "fe::ff::20::00::01::00",
            "type": "0x0800"
        },
        "incLen": 54,
        "ip4Hdr": {
            "checksum": "0xf234",
            "dst": "145.254.160.237",
            "flags": "0x2",
            "fragmentOffset": 0,
            "headerLen": 5,
            "protocol": 6,
            "src": "65.208.228.223",
            "timeToLive": 47,
            "totalId": 0,
            "totalLen": 40,
            "typeOfService": 0,
            "version": 4
        },
        "origLen": 54,
        "tcpHdr": {
            "ackNum": 951058420,
            "checksum": 15459,
            "dstPort": 3372,
            "flags": 16,
            "offset": 5,
            "seqNum": 290236745,
            "srcPort": 80,
            "urgentPtr": 0,
            "window": 6432
        },
        "tmSec": 1084443457,
        "tmUSec": 704928
    },
    "5": {
        "ethHdr": {
            "dst": "00::00::01::00::00::00",
            "src": "fe::ff::20::00::01::00",
            "type": "0x0800"
        },
        "incLen": 1434,
        "ip4Hdr": {
            "checksum": "0x2c31",
            "dst": "145.254.160.237",
            "flags": "0x2",
            "fragmentOffset": 0,
            "headerLen": 5,
            "protocol": 6,
            "src": "65.208.228.223",
            "timeToLive": 47,
            "totalId": 49311,
            "totalLen": 1420,
            "typeOfService": 0,
            "version": 4
        },
        "origLen": 1434,
        "tcpHdr": {
            "ackNum": 951058419,
            "checksum": 11018,
            "dstPort": 3372,
            "flags": 16,
            "offset": 5,
            "seqNum": 290218380,
            "srcPort": 80,
            "urgentPtr": 0,
            "window": 6432
        },
        "tmSec": 1084443428,
        "tmUSec": 993643
    },
    "6": {
        "ethHdr": {
            "dst": "fe::ff::20::00::01::00",
            "src": "00::00::01::00::00::00",
            "type": "0x0800"
        },
        "incLen": 54,
        "ip4Hdr": {
            "checksum": "0x91ee",
            "dst": "65.208.228.223",
            "flags": "0x2",
            "fragmentOffset": 0,
            "headerLen": 5,
            "protocol": 6,
            "src": "145.254.160.237",
            "timeToLive": 128,
            "totalId": 3910,
            "totalLen": 40,
            "typeOfService": 0,
            "version": 4
        },
        "origLen": 54,
        "tcpHdr": {
            "ackNum": 290219760,
            "checksum": 29217,
            "dstPort": 80,
            "flags": 16,
            "offset": 5,
            "seqNum": 951058419,
            "srcPort": 3372,
            "urgentPtr": 0,
            "window": 9660
        },
        "tmSec": 1084443429,
        "tmUSec": 123830
    },
    "7": {
        "ethHdr": {
            "dst": "00::00::01::00::00::00",
            "src": "fe::ff::20::00::01::00",
            "type": "0x0800"
        },
        "incLen": 1434,
        "ip4Hdr": {
            "checksum": "0x2c30",
            "dst": "145.254.160.237",
            "flags": "0x2",
            "fragmentOffset": 0,
            "headerLen": 5,
            "protocol": 6,
            "src": "65.208.228.223",
            "timeToLive": 47,
            "totalId": 49312,
            "totalLen": 1420,
            "typeOfService": 0,
            "version": 4
        },
        "origLen": 1434,
        "tcpHdr": {
            "ackNum": 951058419,
            "checksum": 50001,
            "dstPort": 3372,
            "flags": 16,
            "offset": 5,
            "seqNum": 290219760,
            "srcPort": 80,
            "urgentPtr": 0,
            "window": 6432
        },
        "tmSec": 1084443429,
        "tmUSec": 123830
    },
    "8": {
        "ethHdr": {
            "dst": "fe::ff::20::00::01::00",
            "src": "00::00::01::00::00::00",
            "type": "0x0800"
        },
        "incLen": 54,
        "ip4Hdr": {
            "checksum": "0x91ed",
            "dst": "65.208.228.223",
            "flags": "0x2",
            "fragmentOffset": 0,
            "headerLen": 5,
            "protocol": 6,
            "src": "145.254.160.237",
            "timeToLive": 128,
            "totalId": 3911,
            "totalLen": 40,
            "typeOfService": 0,
            "version": 4
        },
        "origLen": 54,
        "tcpHdr": {
            "ackNum": 290221140,
            "checksum": 27837,
            "dstPort": 80,
            "flags": 16,
            "offset": 5,
            "seqNum": 951058419,
            "srcPort": 3372,
            "urgentPtr": 0,
            "window": 9660
        },
        "tmSec": 1084443429,
        "tmUSec": 324118
    },
    "9": {
        "ethHdr": {
            "dst": "00::00::01::00::00::00",
            "src": "fe::ff::20::00::01::00",
            "type": "0x0800"
        },
        "incLen": 1434,
        "ip4Hdr": {
            "checksum": "0x2c2f",
            "dst": "145.254.160.237",
            "flags": "0x2",
            "fragmentOffset": 0,
            "headerLen": 5,
            "protocol": 6,
            "src": "65.208.228.223",
            "timeToLive": 47,
            "totalId": 49313,
            "totalLen": 1420,
            "typeOfService": 0,
            "version": 4
        },
        "origLen": 1434,
        "tcpHdr": {
            "ackNum": 951058419,
            "checksum": 3659,
            "dstPort": 3372,
            "flags": 16,
            "offset": 5,
            "seqNum": 290221140,
            "srcPort": 80,
            "urgentPtr": 0,
            "window": 6432
        },
        "tmSec": 1084443429,
        "tmUSec": 754737
    },
    "count": 43,
    "magicNumber": 2712847316,
    "majorVersion": 2,
    "minorVersion": 4,
    "network": 1,
    "sigfigs": 0,
    "snaplen": 65535,
    "thiszone": 0
}
