{
    "0": {
        "ethHdr": {
            "dst": "00::50::8d::d7::8b::43",
            "src": "00::0b::be::18::9a::40",
            "type": "0x0800"
        },
        "incLen": 62,
        "ip4Hdr": {
            "checksum": "0x3965",
            "dst": "192.168.0.10",
            "flags": "0x0",
            "fragmentOffset": 0,
            "headerLen": 5,
            "protocol": 17,
            "src": "192.168.0.253",
            "timeToLive": 255,
            "totalId": 0,
            "totalLen": 48,
            "typeOfService": 0,
            "version": 4
        },
        "origLen": 62,
        "tmSec": 1367411051,
        "tmUSec": 972852
    },
    "1": {
        "ethHdr": {
            "dst": "00::0b::be::18::9a::40",
            "src": "00::50::8d::d7::8b::43",
            "type": "0x0800"
        },
        "incLen": 558,
        "ip4Hdr": {
            "checksum": "0x2350",
            "dst": "192.168.0.253",
            "flags": "0x0",
            "fragmentOffset": 0,
            "headerLen": 5,
            "protocol": 17,
            "src": "192.168.0.10",
            "timeToLive": 128,
            "totalId": 37669,
            "totalLen": 544,
            "typeOfService": 0,
            "version": 4
        },
        "origLen": 558,
        "tmSec": 1367411052,
        "tmUSec": 77243
    },
    "10": {
        "ethHdr": {
            "dst": "00::50::8d::d7::8b::43",
            "src": "00::0b::be::18::9a::40",
            "type": "0x0800"
        },
        "incLen": 60,
        "ip4Hdr": {
            "checksum": "0x3970",
            "dst": "192.168.0.10",
            "flags": "0x0",
            "fragmentOffset": 0,
            "headerLen": 5,
            "protocol": 17,
            "src": "192.168.0.253",
            "timeToLive": 255,
            "totalId": 5,
            "totalLen": 32,
            "typeOfService": 0,
            "version": 4
        },
        "origLen": 60,
        "tmSec": 1367411052,
        "tmUSec": 96993
    },
    "11": {
        "ethHdr": {
            "dst": "00::0b::be::18::9a::40",
            "src": "00::50::8d::d7::8b::43",
            "type": "0x0800"
        },
        "incLen": 558,
        "ip4Hdr": {
            "checksum": "0x234a",
            "dst": "192.168.0.253",
            "flags": "0x0",
            "fragmentOffset": 0,
            "headerLen": 5,
            "protocol": 17,
            "src": "192.168.0.10",
            "timeToLive": 128,
            "totalId": 37675,
            "totalLen": 544,
            "typeOfService": 0,
            "version": 4
        },
        "origLen": 558,
        "tmSec": 1367411052,
        "tmUSec": 97021
    },
    "12": {
        "ethHdr": {
            "dst": "00::50::8d::d7::8b::43",
            "src": "00::0b::be::18::9a::40",
            "type": "0x0800"
        },
        "incLen": 60,
        "ip4Hdr": {
            "checksum": "0x396f",
            "dst": "192.168.0.10",
            "flags": "0x0",
            "fragmentOffset": 0,
            "headerLen": 5,
            "protocol": 17,
            "src": "192.168.0.253",
            "timeToLive": 255,
            "totalId": 6,
            "totalLen": 32,
            "typeOfService": 0,
            "version": 4
        },
        "origLen": 60,
        "tmSec": 1367411052,
        "tmUSec": 99703
    },
    "13": {
        "ethHdr": {
            "dst": "00::0b::be::18::9a::40",
            "src": "00::50::8d::d7::8b::43",
            "type": "0x0800"
        },
        "incLen": 558,
        "ip4Hdr": {
            "checksum": "0x2345",
            "dst": "192.168.0.253",
            "flags": "0x0",
            "fragmentOffset": 0,
            "headerLen": 5,
            "protocol": 17,
            "src": "192.168.0.10",
            "timeToLive": 128,
            "totalId": 37680,
            "totalLen": 544,
            "typeOfService": 0,
            "version": 4
        },
        "origLen": 558,
        "tmSec": 1367411052,
        "tmUSec": 104726
    },
    "14": {
        "ethHdr": {
            "dst": "00::50::8d::d7::8b::43",
            "src": "00::0b::be::18::9a::40",
            "type": "0x0800"
        },
        "incLen": 60,
        "ip4Hdr": {
            "checksum": "0x396e",
            "dst": "192.168.0.10",
            "flags": "0x0",
            "fragmentOffset": 0,
            "headerLen": 5,
            "protocol": 17,
            "src": "192.168.0.253",
            "timeToLive": 255,
            "totalId": 7,
            "totalLen": 32,
            "typeOfService": 0,
            "version": 4
        },
        "origLen": 60,
        "tmSec": 1367411052,
        "tmUSec": 107183
    },
    "15": {
        "ethHdr": {
            "dst": "00::0b::be::18::9a::40",
            "src": "00::50::8d::d7::8b::43",
            "type": "0x0800"
        },
        "incLen": 558,
        "ip4Hdr": {
            "checksum": "0x2344",
            "dst": "192.168.0.253",
            "flags": "0x0",
            "fragmentOffset": 0,
            "headerLen": 5,
            "protocol": 17,
            "src": "192.168.0.10",
            "timeToLive": 128,
            "totalId": 37681,
            "totalLen": 544,
            "typeOfService": 0,
            "version": 4
        },
        "origLen": 558,
        "tmSec": 1367411052,
        "tmUSec": 107258
    },
    "16": {
        "ethHdr": {
            "dst": "00::50::8d::d7::8b::43",
            "src": "00::0b::be::18::9a::40",
            "type": "0x0800"
        },
        "incLen": 60,
        "ip4Hdr": {
            "checksum": "0x396d",
            "dst": "192.168.0.10",
            "flags": "0x0",
            "fragmentOffset": 0,
            "headerLen": 5,
            "protocol": 17,
            "src": "192.168.0.253",
            "timeToLive": 255,
            "totalId": 8,
            "totalLen": 32,
            "typeOfService": 0,
            "version": 4
        },
        "origLen": 60,
        "tmSec": 1367411052,
        "tmUSec": 109883
    },
    "17": {
        "ethHdr": {
            "dst": "00::0b::be::18::9a::40",
            "src": "00::50::8d::d7::8b::43",
            "type": "0x0800"
        },
        "incLen": 558,
        "ip4Hdr": {
            "checksum": "0x2343",
            "dst": "192.168.0.253",
            "flags": "0x0",
            "fragmentOffset": 0,
            "headerLen": 5,
            "protocol": 17,
            "src": "192.168.0.10",
            "timeToLive": 128,
            "totalId": 37682,
            "totalLen": 544,
            "typeOfService": 0,
            "version": 4
        },
        "origLen": 558,
        "tmSec": 1367411052,
        "tmUSec": 110436
    },
    "18": {
        "ethHdr": {
            "dst": "00::50::8d::d7::8b::43",
            "src": "00::0b::be::18::9a::40",
            "type": "0x0800"
        },
        "incLen": 60,
        "ip4Hdr": {
            "checksum": "0x396c",
            "dst": "192.168.0.10",
            "flags": "0x0",
            "fragmentOffset": 0,
            "headerLen": 5,
            "protocol": 17,
            "src": "192.168.0.253",
            "timeToLive": 255,
            "totalId": 9,
            "totalLen": 32,
            "typeOfService": 0,
            "version": 4
        },
        "origLen": 60,
        "tmSec": 1367411052,
        "tmUSec": 116041
    },
    "19": {
        "ethHdr": {
            "dst": "00::0b::be::18::9a::40",
            "src": "00::50::8d::d7::8b::43",
            "type": "0x0800"
        },
        "incLen": 558,
        "ip4Hdr": {
            "checksum": "0x2341",
            "dst": "192.168.0.253",
            "flags": "0x0",
            "fragmentOffset": 0,
            "headerLen": 5,
            "protocol": 17,
            "src": "192.168.0.10",
            "timeToLive": 128,
            "totalId": 37684,
            "totalLen": 544,
            "typeOfService": 0,
            "version": 4
        },
        "origLen": 558,
        "tmSec": 1367411052,
        "tmUSec": 118313
    },
    "2": {
        "ethHdr": {
            "dst": "00::50::8d::d7::8b::43",
            "src": "00::0b::be::18::9a::40",
            "type": "0x0800"
        },
        "incLen": 60,
        "ip4Hdr": {
            "checksum": "0x3974",
            "dst": "192.168.0.10",
            "flags": "0x0",
            "fragmentOffset": 0,
            "headerLen": 5,
            "protocol": 17,
            "src": "192.168.0.253",
            "timeToLive": 255,
            "totalId": 1,
            "totalLen": 32,
            "typeOfService": 0,
            "version": 4
        },
        "origLen": 60,
        "tmSec": 1367411052,
        "tmUSec": 81790
    },
    "20": {
        "ethHdr": {
            "dst": "00::50::8d::d7::8b::43",
            "src": "00::0b::be::18::9a::40",
            "type": "0x0800"
        },
        "incLen": 60,
        "ip4Hdr": {
            "checksum": "0x396b",
            "dst": "192.168.0.10",
            "flags": "0x0",
            "fragmentOffset": 0,
            "headerLen": 5,
            "protocol": 17,
            "src": "192.168.0.253",
            "timeToLive": 255,
            "totalId": 10,
            "totalLen": 32,
            "typeOfService": 0,
            "version": 4
        },
        "origLen": 60,
        "tmSec": 1367411052,
        "tmUSec": 120728
    },
    "21": {
        "ethHdr": {
            "dst": "00::0b::be::18::9a::40",
            "src": "00::50::8d::d7::8b::43",
            "type": "0x0800"
        },
        "incLen": 558,
        "ip4Hdr": {
            "checksum": "0x2340",
            "dst": "192.168.0.253",
            "flags": "0x0",
            "fragmentOffset": 0,
            "headerLen": 5,
            "protocol": 17,
            "src": "192.168.0.10",
            "timeToLive": 128,
            "totalId": 37685,
            "totalLen": 544,
            "typeOfService": 0,
            "version": 4
        },
        "origLen": 558,
        "tmSec": 1367411052,
        "tmUSec": 120762
    },
    "22": {
        "ethHdr": {
            "dst": "00::50::8d::d7::8b::43",
            "src": "00::0b::be::18::9a::40",
            "type": "0x0800"
        },
        "incLen": 60,
        "ip4Hdr": {
            "checksum": "0x396a",
            "dst": "192.168.0.10",
            "flags": "0x0",
            "fragmentOffset": 0,
            "headerLen": 5,
            "protocol": 17,
            "src": "192.168.0.253",
            "timeToLive": 255,
            "totalId": 11,
            "totalLen": 32,
            "typeOfService": 0,
            "version": 4
        },
        "origLen": 60,
        "tmSec": 1367411052,
        "tmUSec": 123411
    },
    "23": {
        "ethHdr": {
            "dst": "00::0b::be::18::9a::40",
            "src": "00::50::8d::d7::8b::43",
            "type": "0x0800"
        },
        "incLen": 558,
        "ip4Hdr": {
            "checksum": "0x233f",
            "dst": "192.168.0.253",
            "flags": "0x0",
            "fragmentOffset": 0,
            "headerLen": 5,
            "protocol": 17,
            "src": "192.168.0.10",
            "timeToLive": 128,
            "totalId": 37686,
            "totalLen": 544,
            "typeOfService": 0,
            "version": 4
        },
        "origLen": 558,
        "tmSec": 1367411052,
        "tmUSec": 123434
    },
    "24": {
        "ethHdr": {
            "dst": "00::50::8d::d7::8b::43",
            "src": "00::0b::be::18::9a::40",
            "type": "0x0800"
        },
        "incLen": 60,
        "ip4Hdr": {
            "checksum": "0x3969",
            "dst": "192.168.0.10",
            "flags": "0x0",
            "fragmentOffset": 0,
            "headerLen": 5,
            "protocol": 17,
            "src": "192.168.0.253",
            "timeToLive": 255,
            "totalId": 12,
            "totalLen": 32,
            "typeOfService": 0,
            "version": 4
        },
        "origLen": 60,
        "tmSec": 1367411052,
        "tmUSec": 127860
    },
    "25": {
        "ethHdr": {
            "dst": "00::0b::be::18::9a::40",
            "src": "00::50::8d::d7::8b::43",
            "type": "0x0800"
        },
        "incLen": 558,
        "ip4Hdr": {
            "checksum": "0x233d",
            "dst": "192.168.0.253",
            "flags": "0x0",
            "fragmentOffset": 0,
            "headerLen": 5,
            "protocol": 17,
            "src": "192.168.0.10",
            "timeToLive": 128,
            "totalId": 37688,
            "totalLen": 544,
            "typeOfService": 0,
            "version": 4
        },
        "origLen": 558,
        "tmSec": 1367411052,
        "tmUSec": 127888
    },
    "26": {
        "ethHdr": {
            "dst": "00::50::8d::d7::8b::43",
            "src": "00::0b::be::18::9a::40",
            "type": "0x0800"
        },
        "incLen": 60,
        "ip4Hdr": {
            "checksum": "0x3968",
            "dst": "192.168.0.10",
            "flags": "0x0",
            "fragmentOffset": 0,
            "headerLen": 5,
            "protocol": 17,
            "src": "192.168.0.253",
            "timeToLive": 255,
            "totalId": 13,
            "totalLen": 32,
            "typeOfService": 0,
            "version": 4
        },
        "origLen": 60,
        "tmSec": 1367411052,
        "tmUSec": 130659
    },
    "27": {
        "ethHdr": {
            "dst": "00::0b::be::18::9a::40",
            "src": "00::50::8d::d7::8b::43",
            "type": "0x0800"
        },
        "incLen": 558,
        "ip4Hdr": {
            "checksum": "0x233c",
            "dst": "192.168.0.253",
            "flags": "0x0",
            "fragmentOffset": 0,
            "headerLen": 5,
            "protocol": 17,
            "src": "192.168.0.10",
            "timeToLive": 128,
            "totalId": 37689,
            "totalLen": 544,
            "typeOfService": 0,
            "version": 4
        },
        "origLen": 558,
        "tmSec": 1367411052,
        "tmUSec": 134476
    },
    "28": {
        "ethHdr": {
            "dst": "00::50::8d::d7::8b::43",
            "src": "00::0b::be::18::9a::40",
            "type": "0x0800"
        },
        "incLen": 60,
        "ip4Hdr": {
            "checksum": "0x3967",
            "dst": "192.168.0.10",
            "flags": "0x0",
            "fragmentOffset": 0,
            "headerLen": 5,
            "protocol": 17,
            "src": "192.168.0.253",
            "timeToLive": 255,
            "totalId": 14,
            "totalLen": 32,
            "typeOfService": 0,
            "version": 4
        },
        "origLen": 60,
        "tmSec": 1367411052,
        "tmUSec": 136880
    },
    "29": {
        "ethHdr": {
            "dst": "00::0b::be::18::9a::40",
            "src": "00::50::8d::d7::8b::43",
            "type": "0x0800"
        },
        "incLen": 558,
        "ip4Hdr": {
            "checksum": "0x233b",
            "dst": "192.168.0.253",
            "flags": "0x0",
            "fragmentOffset": 0,
            "headerLen": 5,
            "protocol": 17,
            "src": "192.168.0.10",
            "timeToLive": 128,
            "totalId": 37690,
            "totalLen": 544,
            "typeOfService": 0,
            "version": 4
        },
        "origLen": 558,
        "tmSec": 1367411052,
        "tmUSec": 136914
    },
    "3": {
        "ethHdr": {
            "dst": "00::0b::be::18::9a::40",
            "src": "00::50::8d::d7::8b::43",
            "type": "0x0800"
        },
        "incLen": 558,
        "ip4Hdr": {
            "checksum": "0x234e",
            "dst": "192.168.0.253",
            "flags": "0x0",
            "fragmentOffset": 0,
            "headerLen": 5,
            "protocol": 17,
            "src": "192.168.0.10",
            "timeToLive": 128,
            "totalId": 37671,
            "totalLen": 544,
            "typeOfService": 0,
            "version": 4
        },
        "origLen": 558,
        "tmSec": 1367411052,
        "tmUSec": 86300
    },
    "30": {
        "ethHdr": {
            "dst": "00::50::8d::d7::8b::43",
            "src": "00::0b::be::18::9a::40",
            "type": "0x0800"
        },
        "incLen": 60,
        "ip4Hdr": {
            "checksum": "0x3966",
            "dst": "192.168.0.10",
            "flags": "0x0",
            "fragmentOffset": 0,
            "headerLen": 5,
            "protocol": 17,
            "src": "192.168.0.253",
            "timeToLive": 255,
            "totalId": 15,
            "totalLen": 32,
            "typeOfService": 0,
            "version": 4
        },
        "origLen": 60,
        "tmSec": 1367411052,
        "tmUSec": 139565
    },
    "31": {
        "ethHdr": {
            "dst": "00::0b::be::18::9a::40",
            "src": "00::50::8d::d7::8b::43",
            "type": "0x0800"
        },
        "incLen": 558,
        "ip4Hdr": {
            "checksum": "0x233a",
            "dst": "192.168.0.253",
            "flags": "0x0",
            "fragmentOffset": 0,
            "headerLen": 5,
            "protocol": 17,
            "src": "192.168.0.10",
            "timeToLive": 128,
            "totalId": 37691,
            "totalLen": 544,
            "typeOfService": 0,
            "version": 4
        },
        "origLen": 558,
        "tmSec": 1367411052,
        "tmUSec": 139588
    },
    "32": {
        "ethHdr": {
            "dst": "00::50::8d::d7::8b::43",
            "src": "00::0b::be::18::9a::40",
            "type": "0x0800"
        },
        "incLen": 60,
        "ip4Hdr": {
            "checksum": "0x3965",
            "dst": "192.168.0.10",
            "flags": "0x0",
            "fragmentOffset": 0,
            "headerLen": 5,
            "protocol": 17,
            "src": "192.168.0.253",
            "timeToLive": 255,
            "totalId": 16,
            "totalLen": 32,
            "typeOfService": 0,
            "version": 4
        },
        "origLen": 60,
        "tmSec": 1367411052,
        "tmUSec": 142267
    },
    "33": {
        "ethHdr": {
            "dst": "00::0b::be::18::9a::40",
            "src": "00::50::8d::d7::8b::43",
            "type": "0x0800"
        },
        "incLen": 558,
        "ip4Hdr": {
            "checksum": "0x2339",
            "dst": "192.168.0.253",
            "flags": "0x0",
            "fragmentOffset": 0,
            "headerLen": 5,
            "protocol": 17,
            "src": "192.168.0.10",
            "timeToLive": 128,
            "totalId": 37692,
            "totalLen": 544,
            "typeOfService": 0,
            "version": 4
        },
        "origLen": 558,
        "tmSec": 1367411052,
        "tmUSec": 142294
    },
    "34": {
        "ethHdr": {
            "dst": "00::50::8d::d7::8b::43",
            "src": "00::0b::be::18::9a::40",
            "type": "0x0800"
        },
        "incLen": 60,
        "ip4Hdr": {
            "checksum": "0x3964",
            "dst": "192.168.0.10",
            "flags": "0x0",
            "fragmentOffset": 0,
            "headerLen": 5,
            "protocol": 17,
            "src": "192.168.0.253",
            "timeToLive": 255,
            "totalId": 17,
            "totalLen": 32,
            "typeOfService": 0,
            "version": 4
        },
        "origLen": 60,
        "tmSec": 1367411052,
        "tmUSec": 145205
    },
    "35": {
        "ethHdr": {
            "dst": "00::0b::be::18::9a::40",
            "src": "00::50::8d::d7::8b::43",
            "type": "0x0800"
        },
        "incLen": 558,
        "ip4Hdr": {
            "checksum": "0x2338",
            "dst": "192.168.0.253",
            "flags": "0x0",
            "fragmentOffset": 0,
            "headerLen": 5,
            "protocol": 17,
            "src": "192.168.0.10",
            "timeToLive": 128,
            "totalId": 37693,
            "totalLen": 544,
            "typeOfService": 0,
            "version": 4
        },
        "origLen": 558,
        "tmSec": 1367411052,
        "tmUSec": 145238
    },
    "36": {
        "ethHdr": {
            "dst": "00::50::8d::d7::8b::43",
            "src": "00::0b::be::18::9a::40",
            "type": "0x0800"
        },
        "incLen": 60,
        "ip4Hdr": {
            "checksum": "0x3963",
            "dst": "192.168.0.10",
            "flags": "0x0",
            "fragmentOffset": 0,
            "headerLen": 5,
            "protocol": 17,
            "src": "192.168.0.253",
            "timeToLive": 255,
            "totalId": 18,
            "totalLen": 32,
            "typeOfService": 0,
            "version": 4
        },
        "origLen": 60,
        "tmSec": 1367411052,
        "tmUSec": 147896
    },
    "37": {
        "ethHdr": {
            "dst": "00::0b::be::18::9a::40",
            "src": "00::50::8d::d7::8b::43",
            "type": "0x0800"
        },
        "incLen": 558,
        "ip4Hdr": {
            "checksum": "0x2337",
            "dst": "192.168.0.253",
            "flags": "0x0",
            "fragmentOffset": 0,
            "headerLen": 5,
            "protocol": 17,
            "src": "192.168.0.10",
            "timeToLive": 128,
            "totalId": 37694,
            "totalLen": 544,
            "typeOfService": 0,
            "version": 4
        },
        "origLen": 558,
        "tmSec": 1367411052,
        "tmUSec": 147938
    },
    "38": {
        "ethHdr": {
            "dst": "00::50::8d::d7::8b::43",
            "src": "00::0b::be::18::9a::40",
            "type": "0x0800"
        },
        "incLen": 60,
        "ip4Hdr": {
            "checksum": "0x3962",
            "dst": "192.168.0.10",
            "flags": "0x0",
            "fragmentOffset": 0,
            "headerLen": 5,
            "protocol": 17,
            "src": "192.168.0.253",
            "timeToLive": 255,
            "totalId": 19,
            "totalLen": 32,
            "typeOfService": 0,
            "version": 4
        },
        "origLen": 60,
        "tmSec": 1367411052,
        "tmUSec": 150603
    },
    "39": {
        "ethHdr": {
            "dst": "00::0b::be::18::9a::40",
            "src": "00::50::8d::d7::8b::43",
            "type": "0x0800"
        },
        "incLen": 558,
        "ip4Hdr": {
            "checksum": "0x2336",
            "dst": "192.168.0.253",
            "flags": "0x0",
            "fragmentOffset": 0,
            "headerLen": 5,
            "protocol": 17,
            "src": "192.168.0.10",
            "timeToLive": 128,
            "totalId": 37695,
            "totalLen": 544,
            "typeOfService": 0,
            "version": 4
        },
        "origLen": 558,
        "tmSec": 1367411052,
        "tmUSec": 150637
    },
    "4": {
        "ethHdr": {
            "dst": "00::50::8d::d7::8b::43",
            "src": "00::0b::be::18::9a::40",
            "type": "0x0800"
        },
        "incLen": 60,
        "ip4Hdr": {
            "checksum": "0x3973",
            "dst": "192.168.0.10",
            "flags": "0x0",
            "fragmentOffset": 0,
            "headerLen": 5,
            "protocol": 17,
            "src": "192.168.0.253",
            "timeToLive": 255,
            "totalId": 2,
            "totalLen": 32,
            "typeOfService": 0,
            "version": 4
        },
        "origLen": 60,
        "tmSec": 1367411052,
        "tmUSec": 88961
    },
    "40": {
        "ethHdr": {
            "dst": "00::50::8d::d7::8b::43",
            "src": "00::0b::be::18::9a::40",
            "type": "0x0800"
        },
        "incLen": 60,
        "ip4Hdr": {
            "checksum": "0x3961",
            "dst": "192.168.0.10",
            "flags": "0x0",
            "fragmentOffset": 0,
            "headerLen": 5,
            "protocol": 17,
            "src": "192.168.0.253",
            "timeToLive": 255,
            "totalId": 20,
            "totalLen": 32,
            "typeOfService": 0,
            "version": 4
        },
        "origLen": 60,
        "tmSec": 1367411052,
        "tmUSec": 153274
    },
    "41": {
        "ethHdr": {
            "dst": "00::0b::be::18::9a::40",
            "src": "00::50::8d::d7::8b::43",
            "type": "0x0800"
        },
        "incLen": 558,
        "ip4Hdr": {
            "checksum": "0x2335",
            "dst": "192.168.0.253",
            "flags": "0x0",
            "fragmentOffset": 0,
            "headerLen": 5,
            "protocol": 17,
            "src": "192.168.0.10",
            "timeToLive": 128,
            "totalId": 37696,
            "totalLen": 544,
            "typeOfService": 0,
            "version": 4
        },
        "origLen": 558,
        "tmSec": 1367411052,
        "tmUSec": 158369
    },
    "42": {
        "ethHdr": {
            "dst": "00::50::8d::d7::8b::43",
            "src": "00::0b::be::18::9a::40",
            "type": "0x0800"
        },
        "incLen": 60,
        "ip4Hdr": {
            "checksum": "0x3960",
            "dst": "192.168.0.10",
            "flags": "0x0",
            "fragmentOffset": 0,
            "headerLen": 5,
            "protocol": 17,
            "src": "192.168.0.253",
            "timeToLive": 255,
            "totalId": 21,
            "totalLen": 32,
            "typeOfService": 0,
            "version": 4
        },
        "origLen": 60,
        "tmSec": 1367411052,
        "tmUSec": 160793
    },
    "43": {
        "ethHdr": {
            "dst": "00::0b::be::18::9a::40",
            "src": "00::50::8d::d7::8b::43",
            "type": "0x0800"
        },
        "incLen": 558,
        "ip4Hdr": {
            "checksum": "0x2334",
            "dst": "192.168.0.253",
            "flags": "0x0",
            "fragmentOffset": 0,
            "headerLen": 5,
            "protocol": 17,
            "src": "192.168.0.10",
            "timeToLive": 128,
            "totalId": 37697,
            "totalLen": 544,
            "typeOfService": 0,
            "version": 4
        },
        "origLen": 558,
        "tmSec": 1367411052,
        "tmUSec": 160850
    },
    "44": {
        "ethHdr": {
            "dst": "00::50::8d::d7::8b::43",
            "src": "00::0b::be::18::9a::40",
            "type": "0x0800"
        },
        "incLen": 60,
        "ip4Hdr": {
            "checksum": "0x395f",
            "dst": "192.168.0.10",
            "flags": "0x0",
            "fragmentOffset": 0,
            "headerLen": 5,
            "protocol": 17,
            "src": "192.168.0.253",
            "timeToLive": 255,
            "totalId": 22,
            "totalLen": 32,
            "typeOfService": 0,
            "version": 4
        },
        "origLen": 60,
        "tmSec": 1367411052,
        "tmUSec": 164560
    },
    "45": {
        "ethHdr": {
            "dst": "00::0b::be::18::9a::40",
            "src": "00::50::8d::d7::8b::43",
            "type": "0x0800"
        },
        "incLen": 558,
        "ip4Hdr": {
            "checksum": "0x2333",
            "dst": "192.168.0.253",
            "flags": "0x0",
            "fragmentOffset": 0,
            "headerLen": 5,
            "protocol": 17,
            "src": "192.168.0.10",
            "timeToLive": 128,
            "totalId": 37698,
            "totalLen": 544,
            "typeOfService": 0,
            "version": 4
        },
        "origLen": 558,
        "tmSec": 1367411052,
        "tmUSec": 164607
    },
    "46": {
        "ethHdr": {
            "dst": "00::50::8d::d7::8b::43",
            "src": "00::0b::be::18::9a::40",
            "type": "0x0800"
        },
        "incLen": 60,
        "ip4Hdr": {
            "checksum": "0x395e",
            "dst": "192.168.0.10",
            "flags": "0x0",
            "fragmentOffset": 0,
            "headerLen": 5,
            "protocol": 17,
            "src": "192.168.0.253",
            "timeToLive": 255,
            "totalId": 23,
            "totalLen": 32,
            "typeOfService": 0,
            "version": 4
        },
        "origLen": 60,
        "tmSec": 1367411052,
        "tmUSec": 167259
    },
    "47": {
        "ethHdr": {
            "dst": "00::0b::be::18::9a::40",
            "src": "00::50::8d::d7::8b::43",
            "type": "0x0800"
        },
        "incLen": 558,
        "ip4Hdr": {
            "checksum": "0x2332",
            "dst": "192.168.0.253",
            "flags": "0x0",
            "fragmentOffset": 0,
            "headerLen": 5,
            "protocol": 17,
            "src": "192.168.0.10",
            "timeToLive": 128,
            "totalId": 37699,
            "totalLen": 544,
            "typeOfService": 0,
            "version": 4
        },
        "origLen": 558,
        "tmSec": 1367411052,
        "tmUSec": 167294
    },
    "48": {
        "ethHdr": {
            "dst": "00::50::8d::d7::8b::43",
            "src": "00::0b::be::18::9a::40",
            "type": "0x0800"
        },
        "incLen": 60,
        "ip4Hdr": {
            "checksum": "0x395d",
            "dst": "192.168.0.10",
            "flags": "0x0",
            "fragmentOffset": 0,
            "headerLen": 5,
            "protocol": 17,
            "src": "192.168.0.253",
            "timeToLive": 255,
            "totalId": 24,
            "totalLen": 32,
            "typeOfService": 0,
            "version": 4
        },
        "origLen": 60,
        "tmSec": 1367411052,
        "tmUSec": 169959
    },
    "49": {
        "ethHdr": {
            "dst": "00::0b::be::18::9a::40",
            "src": "00::50::8d::d7::8b::43",
            "type": "0x0800"
        },
        "incLen": 558,
        "ip4Hdr": {
            "checksum": "0x2331",
            "dst": "192.168.0.253",
            "flags": "0x0",
            "fragmentOffset": 0,
            "headerLen": 5,
            "protocol": 17,
            "src": "192.168.0.10",
            "timeToLive": 128,
            "totalId": 37700,
            "totalLen": 544,
            "typeOfService": 0,
            "version": 4
        },
        "origLen": 558,
        "tmSec": 1367411052,
        "tmUSec": 169993
    },
    "5": {
        "ethHdr": {
            "dst": "00::0b::be::18::9a::40",
            "src": "00::50::8d::d7::8b::43",
            "type": "0x0800"
        },
        "incLen": 558,
        "ip4Hdr": {
            "checksum": "0x234d",
            "dst": "192.168.0.253",
            "flags": "0x0",
            "fragmentOffset": 0,
            "headerLen": 5,
            "protocol": 17,
            "src": "192.168.0.10",
            "timeToLive": 128,
            "totalId": 37672,
            "totalLen": 544,
            "typeOfService": 0,
            "version": 4
        },
        "origLen": 558,
        "tmSec": 1367411052,
        "tmUSec": 88995
    },
    "50": {
        "ethHdr": {
            "dst": "00::50::8d::d7::8b::43",
            "src": "00::0b::be::18::9a::40",
            "type": "0x0800"
        },
        "incLen": 60,
        "ip4Hdr": {
            "checksum": "0x395c",
            "dst": "192.168.0.10",
            "flags": "0x0",
            "fragmentOffset": 0,
            "headerLen": 5,
            "protocol": 17,
            "src": "192.168.0.253",
            "timeToLive": 255,
            "totalId": 25,
            "totalLen": 32,
            "typeOfService": 0,
            "version": 4
        },
        "origLen": 60,
        "tmSec": 1367411052,
        "tmUSec": 173072
    },
    "51": {
        "ethHdr": {
            "dst": "00::0b::be::18::9a::40",
            "src": "00::50::8d::d7::8b::43",
            "type": "0x0800"
        },
        "incLen": 558,
        "ip4Hdr": {
            "checksum": "0x2330",
            "dst": "192.168.0.253",
            "flags": "0x0",
            "fragmentOffset": 0,
            "headerLen": 5,
            "protocol": 17,
            "src": "192.168.0.10",
            "timeToLive": 128,
            "totalId": 37701,
            "totalLen": 544,
            "typeOfService": 0,
            "version": 4
        },
        "origLen": 558,
        "tmSec": 1367411052,
        "tmUSec": 173105
    },
    "52": {
        "ethHdr": {
            "dst": "00::50::8d::d7::8b::43",
            "src": "00::0b::be::18::9a::40",
            "type": "0x0800"
        },
        "incLen": 60,
        "ip4Hdr": {
            "checksum": "0x395b",
            "dst": "192.168.0.10",
            "flags": "0x0",
            "fragmentOffset": 0,
            "headerLen": 5,
            "protocol": 17,
            "src": "192.168.0.253",
            "timeToLive": 255,
            "totalId": 26,
            "totalLen": 32,
            "typeOfService": 0,
            "version": 4
        },
        "origLen": 60,
        "tmSec": 1367411052,
        "tmUSec": 175768
    },
    "53": {
        "ethHdr": {
            "dst": "00::0b::be::18::9a::40",
            "src": "00::50::8d::d7::8b::43",
            "type": "0x0800"
        },
        "incLen": 558,
        "ip4Hdr": {
            "checksum": "0x232f",
            "dst": "192.168.0.253",
            "flags": "0x0",
            "fragmentOffset": 0,
            "headerLen": 5,
            "protocol": 17,
            "src": "192.168.0.10",
            "timeToLive": 128,
            "totalId": 37702,
            "totalLen": 544,
            "typeOfService": 0,
            "version": 4
        },
        "origLen": 558,
        "tmSec": 1367411052,
        "tmUSec": 175805
    },
    "54": {
        "ethHdr": {
            "dst": "00::50::8d::d7::8b::43",
            "src": "00::0b::be::18::9a::40",
            "type": "0x0800"
        },
        "incLen": 60,
        "ip4Hdr": {
            "checksum": "0x395a",
            "dst": "192.168.0.10",
            "flags": "0x0",
            "fragmentOffset": 0,
            "headerLen": 5,
            "protocol": 17,
            "src": "192.168.0.253",
            "timeToLive": 255,
            "totalId": 27,
            "totalLen": 32,
            "typeOfService": 0,
            "version": 4
        },
        "origLen": 60,
        "tmSec": 1367411052,
        "tmUSec": 178474
    },
    "55": {
        "ethHdr": {
            "dst": "00::0b::be::18::9a::40",
            "src": "00::50::8d::d7::8b::43",
            "type": "0x0800"
        },
        "incLen": 558,
        "ip4Hdr": {
            "checksum": "0x232e",
            "dst": "192.168.0.253",
            "flags": "0x0",
            "fragmentOffset": 0,
            "headerLen": 5,
            "protocol": 17,
            "src": "192.168.0.10",
            "timeToLive": 128,
            "totalId": 37703,
            "totalLen": 544,
            "typeOfService": 0,
            "version": 4
        },
        "origLen": 558,
        "tmSec": 1367411052,
        "tmUSec": 178507
    },
    "56": {
        "ethHdr": {
            "dst": "00::50::8d::d7::8b::43",
            "src": "00::0b::be::18::9a::40",
            "type": "0x0800"
        },
        "incLen": 60,
        "ip4Hdr": {
            "checksum": "0x3959",
            "dst": "192.168.0.10",
            "flags": "0x0",
            "fragmentOffset": 0,
            "headerLen": 5,
            "protocol": 17,
            "src": "192.168.0.253",
            "timeToLive": 255,
            "totalId": 28,
            "totalLen": 32,
            "typeOfService": 0,
            "version": 4
        },
        "origLen": 60,
        "tmSec": 1367411052,
        "tmUSec": 181123
    },
    "57": {
        "ethHdr": {
            "dst": "00::0b::be::18::9a::40",
            "src": "00::50::8d::d7::8b::43",
            "type": "0x0800"
        },
        "incLen": 558,
        "ip4Hdr": {
            "checksum": "0x232d",
            "dst": "192.168.0.253",
            "flags": "0x0",
            "fragmentOffset": 0,
            "headerLen": 5,
            "protocol": 17,
            "src": "192.168.0.10",
            "timeToLive": 128,
            "totalId": 37704,
            "totalLen": 544,
            "typeOfService": 0,
            "version": 4
        },
        "origLen": 558,
        "tmSec": 1367411052,
        "tmUSec": 181162
    },
    "58": {
        "ethHdr": {
            "dst": "00::50::8d::d7::8b::43",
            "src": "00::0b::be::18::9a::40",
            "type": "0x0800"
        },
        "incLen": 60,
        "ip4Hdr": {
            "checksum": "0x3958",
            "dst": "192.168.0.10",
            "flags": "0x0",
            "fragmentOffset": 0,
            "headerLen": 5,
            "protocol": 17,
            "src": "192.168.0.253",
            "timeToLive": 255,
            "totalId": 29,
            "totalLen": 32,
            "typeOfService": 0,
            "version": 4
        },
        "origLen": 60,
        "tmSec": 1367411052,
        "tmUSec": 183823
    },
    "59": {
        "ethHdr": {
            "dst": "00::0b::be::18::9a::40",
            "src": "00::50::8d::d7::8b::43",
            "type": "0x0800"
        },
        "incLen": 558,
        "ip4Hdr": {
            "checksum": "0x232c",
            "dst": "192.168.0.253",
            "flags": "0x0",
            "fragmentOffset": 0,
            "headerLen": 5,
            "protocol": 17,
            "src": "192.168.0.10",
            "timeToLive": 128,
            "totalId": 37705,
            "totalLen": 544,
            "typeOfService": 0,
            "version": 4
        },
        "origLen": 558,
        "tmSec": 1367411052,
        "tmUSec": 183857
    },
    "6": {
        "ethHdr": {
            "dst": "00::50::8d::d7::8b::43",
            "src": "00::0b::be::18::9a::40",
            "type": "0x0800"
        },
        "incLen": 60,
        "ip4Hdr": {
            "checksum": "0x3972",
            "dst": "192.168.0.10",
            "flags": "0x0",
            "fragmentOffset": 0,
            "headerLen": 5,
            "protocol": 17,
            "src": "192.168.0.253",
            "timeToLive": 255,
            "totalId": 3,
            "totalLen": 32,
            "typeOfService": 0,
            "version": 4
        },
        "origLen": 60,
        "tmSec": 1367411052,
        "tmUSec": 91646
    },
    "60": {
        "ethHdr": {
            "dst": "00::50::8d::d7::8b::43",
            "src": "00::0b::be::18::9a::40",
            "type": "0x0800"
        },
        "incLen": 60,
        "ip4Hdr": {
            "checksum": "0x3957",
            "dst": "192.168.0.10",
            "flags": "0x0",
            "fragmentOffset": 0,
            "headerLen": 5,
            "protocol": 17,
            "src": "192.168.0.253",
            "timeToLive": 255,
            "totalId": 30,
            "totalLen": 32,
            "typeOfService": 0,
            "version": 4
        },
        "origLen": 60,
        "tmSec": 1367411052,
        "tmUSec": 186545
    },
    "61": {
        "ethHdr": {
            "dst": "00::0b::be::18::9a::40",
            "src": "00::50::8d::d7::8b::43",
            "type": "0x0800"
        },
        "incLen": 558,
        "ip4Hdr": {
            "checksum": "0x232b",
            "dst": "192.168.0.253",
            "flags": "0x0",
            "fragmentOffset": 0,
            "headerLen": 5,
            "protocol": 17,
            "src": "192.168.0.10",
            "timeToLive": 128,
            "totalId": 37706,
            "totalLen": 544,
            "typeOfService": 0,
            "version": 4
        },
        "origLen": 558,
        "tmSec": 1367411052,
        "tmUSec": 189731
    },
    "62": {
        "ethHdr": {
            "dst": "00::50::8d::d7::8b::43",
            "src": "00::0b::be::18::9a::40",
            "type": "0x0800"
        },
        "incLen": 60,
        "ip4Hdr": {
            "checksum": "0x3956",
            "dst": "192.168.0.10",
            "flags": "0x0",
            "fragmentOffset": 0,
            "headerLen": 5,
            "protocol": 17,
            "src": "192.168.0.253",
            "timeToLive": 255,
            "totalId": 31,
            "totalLen": 32,
            "typeOfService": 0,
            "version": 4
        },
        "origLen": 60,
        "tmSec": 1367411052,
        "tmUSec": 192161
    },
    "63": {
        "ethHdr": {
            "dst": "00::0b::be::18::9a::40",
            "src": "00::50::8d::d7::8b::43",
            "type": "0x0800"
        },
        "incLen": 558,
        "ip4Hdr": {
            "checksum": "0x232a",
            "dst": "192.168.0.253",
            "flags": "0x0",
            "fragmentOffset": 0,
            "headerLen": 5,
            "protocol": 17,
            "src": "192.168.0.10",
            "timeToLive": 128,
            "totalId": 37707,
            "totalLen": 544,
            "typeOfService": 0,
            "version": 4
        },
        "origLen": 558,
        "tmSec": 1367411052,
        "tmUSec": 192208
    },
    "64": {
        "ethHdr": {
            "dst": "00::50::8d::d7::8b::43",
            "src": "00::0b::be::18::9a::40",
            "type": "0x0800"
        },
        "incLen": 60,
        "ip4Hdr": {
            "checksum": "0x3955",
            "dst": "192.168.0.10",
            "flags": "0x0",
            "fragmentOffset": 0,
            "headerLen": 5,
            "protocol": 17,
            "src": "192.168.0.253",
            "timeToLive": 255,
            "totalId": 32,
            "totalLen": 32,
            "typeOfService": 0,
            "version": 4
        },
        "origLen": 60,
        "tmSec": 1367411052,
        "tmUSec": 197453
    },
    "65": {
        "ethHdr": {
            "dst": "00::0b::be::18::9a::40",
            "src": "00::50::8d::d7::8b::43",
            "type": "0x0800"
        },
        "incLen": 558,
        "ip4Hdr": {
            "checksum": "0x2328",
            "dst": "192.168.0.253",
            "flags": "0x0",
            "fragmentOffset": 0,
            "headerLen": 5,
            "protocol": 17,
            "src": "192.168.0.10",
            "timeToLive": 128,
            "totalId": 37709,
            "totalLen": 544,
            "typeOfService": 0,
            "version": 4
        },
        "origLen": 558,
        "tmSec": 1367411052,
        "tmUSec": 197520
    },
    "66": {
        "ethHdr": {
            "dst": "00::50::8d::d7::8b::43",
            "src": "00::0b::be::18::9a::40",
            "type": "0x0800"
        },
        "incLen": 60,
        "ip4Hdr": {
            "checksum": "0x3954",
            "dst": "192.168.0.10",
            "flags": "0x0",
            "fragmentOffset": 0,
            "headerLen": 5,
            "protocol": 17,
            "src": "192.168.0.253",
            "timeToLive": 255,
            "totalId": 33,
            "totalLen": 32,
            "typeOfService": 0,
            "version": 4
        },
        "origLen": 60,
        "tmSec": 1367411052,
        "tmUSec": 200435
    },
    "67": {
        "ethHdr": {
            "dst": "00::0b::be::18::9a::40",
            "src": "00::50::8d::d7::8b::43",
            "type": "0x0800"
        },
        "incLen": 558,
        "ip4Hdr": {
            "checksum": "0x2327",
            "dst": "192.168.0.253",
            "flags": "0x0",
            "fragmentOffset": 0,
            "headerLen": 5,
            "protocol": 17,
            "src": "192.168.0.10",
            "timeToLive": 128,
            "totalId": 37710,
            "totalLen": 544,
            "typeOfService": 0,
            "version": 4
        },
        "origLen": 558,
        "tmSec": 1367411052,
        "tmUSec": 200472
    },
    "68": {
        "ethHdr": {
            "dst": "00::50::8d::d7::8b::43",
            "src": "00::0b::be::18::9a::40",
            "type": "0x0800"
        },
        "incLen": 60,
        "ip4Hdr": {
            "checksum": "0x3953",
            "dst": "192.168.0.10",
            "flags": "0x0",
            "fragmentOffset": 0,
            "headerLen": 5,
            "protocol": 17,
            "src": "192.168.0.253",
            "timeToLive": 255,
            "totalId": 34,
            "totalLen": 32,
            "typeOfService": 0,
            "version": 4
        },
        "origLen": 60,
        "tmSec": 1367411052,
        "tmUSec": 203140
    },
    "69": {
        "ethHdr": {
            "dst": "00::0b::be::18::9a::40",
            "src": "00::50::8d::d7::8b::43",
            "type": "0x0800"
        },
        "incLen": 558,
        "ip4Hdr": {
            "checksum": "0x2326",
            "dst": "192.168.0.253",
            "flags": "0x0",
            "fragmentOffset": 0,
            "headerLen": 5,
            "protocol": 17,
            "src": "192.168.0.10",
            "timeToLive": 128,
            "totalId": 37711,
            "totalLen": 544,
            "typeOfService": 0,
            "version": 4
        },
        "origLen": 558,
        "tmSec": 1367411052,
        "tmUSec": 203181
    },
    "7": {
        "ethHdr": {
            "dst": "00::0b::be::18::9a::40",
            "src": "00::50::8d::d7::8b::43",
            "type": "0x0800"
        },
        "incLen": 558,
        "ip4Hdr": {
            "checksum": "0x234c",
            "dst": "192.168.0.253",
            "flags": "0x0",
            "fragmentOffset": 0,
            "headerLen": 5,
            "protocol": 17,
            "src": "192.168.0.10",
            "timeToLive": 128,
            "totalId": 37673,
            "totalLen": 544,
            "typeOfService": 0,
            "version": 4
        },
        "origLen": 558,
        "tmSec": 1367411052,
        "tmUSec": 91675
    },
    "70": {
        "ethHdr": {
            "dst": "00::50::8d::d7::8b::43",
            "src": "00::0b::be::18::9a::40",
            "type": "0x0800"
        },
        "incLen": 60,
        "ip4Hdr": {
            "checksum": "0x3952",
            "dst": "192.168.0.10",
            "flags": "0x0",
            "fragmentOffset": 0,
            "headerLen": 5,
            "protocol": 17,
            "src": "192.168.0.253",
            "timeToLive": 255,
            "totalId": 35,
            "totalLen": 32,
            "typeOfService": 0,
            "version": 4
        },
        "origLen": 60,
        "tmSec": 1367411052,
        "tmUSec": 205847
    },
    "71": {
        "ethHdr": {
            "dst": "00::0b::be::18::9a::40",
            "src": "00::50::8d::d7::8b::43",
            "type": "0x0800"
        },
        "incLen": 558,
        "ip4Hdr": {
            "checksum": "0x2325",
            "dst": "192.168.0.253",
            "flags": "0x0",
            "fragmentOffset": 0,
            "headerLen": 5,
            "protocol": 17,
            "src": "192.168.0.10",
            "timeToLive": 128,
            "totalId": 37712,
            "totalLen": 544,
            "typeOfService": 0,
            "version": 4
        },
        "origLen": 558,
        "tmSec": 1367411052,
        "tmUSec": 205915
    },
    "72": {
        "ethHdr": {
            "dst": "00::50::8d::d7::8b::43",
            "src": "00::0b::be::18::9a::40",
            "type": "0x0800"
        },
        "incLen": 60,
        "ip4Hdr": {
            "checksum": "0x3951",
            "dst": "192.168.0.10",
            "flags": "0x0",
            "fragmentOffset": 0,
            "headerLen": 5,
            "protocol": 17,
            "src": "192.168.0.253",
            "timeToLive": 255,
            "totalId": 36,
            "totalLen": 32,
            "typeOfService": 0,
            "version": 4
        },
        "origLen": 60,
        "tmSec": 1367411052,
        "tmUSec": 208782
    },
    "73": {
        "ethHdr": {
            "dst": "00::0b::be::18::9a::40",
            "src": "00::50::8d::d7::8b::43",
            "type": "0x0800"
        },
        "incLen": 558,
        "ip4Hdr": {
            "checksum": "0x2324",
            "dst": "192.168.0.253",
            "flags": "0x0",
            "fragmentOffset": 0,
            "headerLen": 5,
            "protocol": 17,
            "src": "192.168.0.10",
            "timeToLive": 128,
            "totalId": 37713,
            "totalLen": 544,
            "typeOfService": 0,
            "version": 4
        },
        "origLen": 558,
        "tmSec": 1367411052,
        "tmUSec": 208826
    },
    "74": {
        "ethHdr": {
            "dst": "00::50::8d::d7::8b::43",
            "src": "00::0b::be::18::9a::40",
            "type": "0x0800"
        },
        "incLen": 60,
        "ip4Hdr": {
            "checksum": "0x3950",
            "dst": "192.168.0.10",
            "flags": "0x0",
            "fragmentOffset": 0,
            "headerLen": 5,
            "protocol": 17,
            "src": "192.168.0.253",
            "timeToLive": 255,
            "totalId": 37,
            "totalLen": 32,
            "typeOfService": 0,
            "version": 4
        },
        "origLen": 60,
        "tmSec": 1367411052,
        "tmUSec": 211478
    },
    "75": {
        "ethHdr": {
            "dst": "00::0b::be::18::9a::40",
            "src": "00::50::8d::d7::8b::43",
            "type": "0x0800"
        },
        "incLen": 558,
        "ip4Hdr": {
            "checksum": "0x2323",
            "dst": "192.168.0.253",
            "flags": "0x0",
            "fragmentOffset": 0,
            "headerLen": 5,
            "protocol": 17,
            "src": "192.168.0.10",
            "timeToLive": 128,
            "totalId": 37714,
            "totalLen": 544,
            "typeOfService": 0,
            "version": 4
        },
        "origLen": 558,
        "tmSec": 1367411052,
        "tmUSec": 211513
    },
    "76": {
        "ethHdr": {
            "dst": "00::50::8d::d7::8b::43",
            "src": "00::0b::be::18::9a::40",
            "type": "0x0800"
        },
        "incLen": 60,
        "ip4Hdr": {
            "checksum": "0x394f",
            "dst": "192.168.0.10",
            "flags": "0x0",
            "fragmentOffset": 0,
            "headerLen": 5,
            "protocol": 17,
            "src": "192.168.0.253",
            "timeToLive": 255,
            "totalId": 38,
            "totalLen": 32,
            "typeOfService": 0,
            "version": 4
        },
        "origLen": 60,
        "tmSec": 1367411052,
        "tmUSec": 214182
    },
    "77": {
        "ethHdr": {
            "dst": "00::0b::be::18::9a::40",
            "src": "00::50::8d::d7::8b::43",
            "type": "0x0800"
        },
        "incLen": 558,
        "ip4Hdr": {
            "checksum": "0x2322",
            "dst": "192.168.0.253",
            "flags": "0x0",
            "fragmentOffset": 0,
            "headerLen": 5,
            "protocol": 17,
            "src": "192.168.0.10",
            "timeToLive": 128,
            "totalId": 37715,
            "totalLen": 544,
            "typeOfService": 0,
            "version": 4
        },
        "origLen": 558,
        "tmSec": 1367411052,
        "tmUSec": 214223
    },
    "78": {
        "ethHdr": {
            "dst": "00::50::8d::d7::8b::43",
            "src": "00::0b::be::18::9a::40",
            "type": "0x0800"
        },
        "incLen": 60,
        "ip4Hdr": {
            "checksum": "0x394e",
            "dst": "192.168.0.10",
            "flags": "0x0",
            "fragmentOffset": 0,
            "headerLen": 5,
            "protocol": 17,
            "src": "192.168.0.253",
            "timeToLive": 255,
            "totalId": 39,
            "totalLen": 32,
            "typeOfService": 0,
            "version": 4
        },
        "origLen": 60,
        "tmSec": 1367411052,
        "tmUSec": 216858
    },
    "79": {
        "ethHdr": {
            "dst": "00::0b::be::18::9a::40",
            "src": "00::50::8d::d7::8b::43",
            "type": "0x0800"
        },
        "incLen": 558,
        "ip4Hdr": {
            "checksum": "0x2321",
            "dst": "192.168.0.253",
            "flags": "0x0",
            "fragmentOffset": 0,
            "headerLen": 5,
            "protocol": 17,
            "src": "192.168.0.10",
            "timeToLive": 128,
            "totalId": 37716,
            "totalLen": 544,
            "typeOfService": 0,
            "version": 4
        },
        "origLen": 558,
        "tmSec": 1367411052,
        "tmUSec": 220882
    },
    "8": {
        "ethHdr": {
            "dst": "00::50::8d::d7::8b::43",
            "src": "00::0b::be::18::9a::40",
            "type": "0x0800"
        },
        "incLen": 60,
        "ip4Hdr": {
            "checksum": "0x3971",
            "dst": "192.168.0.10",
            "flags": "0x0",
            "fragmentOffset": 0,
            "headerLen": 5,
            "protocol": 17,
            "src": "192.168.0.253",
            "timeToLive": 255,
            "totalId": 4,
            "totalLen": 32,
            "typeOfService": 0,
            "version": 4
        },
        "origLen": 60,
        "tmSec": 1367411052,
        "tmUSec": 94383
    },
    "80": {
        "ethHdr": {
            "dst": "00::50::8d::d7::8b::43",
            "src": "00::0b::be::18::9a::40",
            "type": "0x0800"
        },
        "incLen": 60,
        "ip4Hdr": {
            "checksum": "0x394d",
            "dst": "192.168.0.10",
            "flags": "0x0",
            "fragmentOffset": 0,
            "headerLen": 5,
            "protocol": 17,
            "src": "192.168.0.253",
            "timeToLive": 255,
            "totalId": 40,
            "totalLen": 32,
            "typeOfService": 0,
            "version": 4
        },
        "origLen": 60,
        "tmSec": 1367411052,
        "tmUSec": 223508
    },
    "81": {
        "ethHdr": {
            "dst": "00::0b::be::18::9a::40",
            "src": "00::50::8d::d7::8b::43",
            "type": "0x0800"
        },
        "incLen": 558,
        "ip4Hdr": {
            "checksum": "0x2320",
            "dst": "192.168.0.253",
            "flags": "0x0",
            "fragmentOffset": 0,
            "headerLen": 5,
            "protocol": 17,
            "src": "192.168.0.10",
            "timeToLive": 128,
            "totalId": 37717,
            "totalLen": 544,
            "typeOfService": 0,
            "version": 4
        },
        "origLen": 558,
        "tmSec": 1367411052,
        "tmUSec": 225874
    },
    "82": {
        "ethHdr": {
            "dst": "00::50::8d::d7::8b::43",
            "src": "00::0b::be::18::9a::40",
            "type": "0x0800"
        },
        "incLen": 60,
        "ip4Hdr": {
            "checksum": "0x394c",
            "dst": "192.168.0.10",
            "flags": "0x0",
            "fragmentOffset": 0,
            "headerLen": 5,
            "protocol": 17,
            "src": "192.168.0.253",
            "timeToLive": 255,
            "totalId": 41,
            "totalLen": 32,
            "typeOfService": 0,
            "version": 4
        },
        "origLen": 60,
        "tmSec": 1367411052,
        "tmUSec": 228293
    },
    "83": {
        "ethHdr": {
            "dst": "00::0b::be::18::9a::40",
            "src": "00::50::8d::d7::8b::43",
            "type": "0x0800"
        },
        "incLen": 558,
        "ip4Hdr": {
            "checksum": "0x231f",
            "dst": "192.168.0.253",
            "flags": "0x0",
            "fragmentOffset": 0,
            "headerLen": 5,
            "protocol": 17,
            "src": "192.168.0.10",
            "timeToLive": 128,
            "totalId": 37718,
            "totalLen": 544,
            "typeOfService": 0,
            "version": 4
        },
        "origLen": 558,
        "tmSec": 1367411052,
        "tmUSec": 228346
    },
    "84": {
        "ethHdr": {
            "dst": "00::50::8d::d7::8b::43",
            "src": "00::0b::be::18::9a::40",
            "type": "0x0800"
        },
        "incLen": 60,
        "ip4Hdr": {
            "checksum": "0x394b",
            "dst": "192.168.0.10",
            "flags": "0x0",
            "fragmentOffset": 0,
            "headerLen": 5,
            "protocol": 17,
            "src": "192.168.0.253",
            "timeToLive": 255,
            "totalId": 42,
            "totalLen": 32,
            "typeOfService": 0,
            "version": 4
        },
        "origLen": 60,
        "tmSec": 1367411052,
        "tmUSec": 232109
    },
    "85": {
        "ethHdr": {
            "dst": "00::0b::be::18::9a::40",
            "src": "00::50::8d::d7::8b::43",
            "type": "0x0800"
        },
        "incLen": 558,
        "ip4Hdr": {
            "checksum": "0x231e",
            "dst": "192.168.0.253",
            "flags": "0x0",
            "fragmentOffset": 0,
            "headerLen": 5,
            "protocol": 17,
            "src": "192.168.0.10",
            "timeToLive": 128,
            "totalId": 37719,
            "totalLen": 544,
            "typeOfService": 0,
            "version": 4
        },
        "origLen": 558,
        "tmSec": 1367411052,
        "tmUSec": 232193
    },
    "86": {
        "ethHdr": {
            "dst": "00::50::8d::d7::8b::43",
            "src": "00::0b::be::18::9a::40",
            "type": "0x0800"
        },
        "incLen": 60,
        "ip4Hdr": {
            "checksum": "0x394a",
            "dst": "192.168.0.10",
            "flags": "0x0",
            "fragmentOffset": 0,
            "headerLen": 5,
            "protocol": 17,
            "src": "192.168.0.253",
            "timeToLive": 255,
            "totalId": 43,
            "totalLen": 32,
            "typeOfService": 0,
            "version": 4
        },
        "origLen": 60,
        "tmSec": 1367411052,
        "tmUSec": 235770
    },
    "87": {
        "ethHdr": {
            "dst": "00::0b::be::18::9a::40",
            "src": "00::50::8d::d7::8b::43",
            "type": "0x0800"
        },
        "incLen": 558,
        "ip4Hdr": {
            "checksum": "0x231d",
            "dst": "192.168.0.253",
            "flags": "0x0",
            "fragmentOffset": 0,
            "headerLen": 5,
            "protocol": 17,
            "src": "192.168.0.10",
            "timeToLive": 128,
            "totalId": 37720,
            "totalLen": 544,
            "typeOfService": 0,
            "version": 4
        },
        "origLen": 558,
        "tmSec": 1367411052,
        "tmUSec": 235859
    },
    "88": {
        "ethHdr": {
            "dst": "00::50::8d::d7::8b::43",
            "src": "00::0b::be::18::9a::40",
            "type": "0x0800"
        },
        "incLen": 60,
        "ip4Hdr": {
            "checksum": "0x3949",
            "dst": "192.168.0.10",
            "flags": "0x0",
            "fragmentOffset": 0,
            "headerLen": 5,
            "protocol": 17,
            "src": "192.168.0.253",
            "timeToLive": 255,
            "totalId": 44,
            "totalLen": 32,
            "typeOfService": 0,
            "version": 4
        },
        "origLen": 60,
        "tmSec": 1367411052,
        "tmUSec": 238467
    },
    "89": {
        "ethHdr": {
            "dst": "00::0b::be::18::9a::40",
            "src": "00::50::8d::d7::8b::43",
            "type": "0x0800"
        },
        "incLen": 558,
        "ip4Hdr": {
            "checksum": "0x231c",
            "dst": "192.168.0.253",
            "flags": "0x0",
            "fragmentOffset": 0,
            "headerLen": 5,
            "protocol": 17,
            "src": "192.168.0.10",
            "timeToLive": 128,
            "totalId": 37721,
            "totalLen": 544,
            "typeOfService": 0,
            "version": 4
        },
        "origLen": 558,
        "tmSec": 1367411052,
        "tmUSec": 242423
    },
    "9": {
        "ethHdr": {
            "dst": "00::0b::be::18::9a::40",
            "src": "00::50::8d::d7::8b::43",
            "type": "0x0800"
        },
        "incLen": 558,
        "ip4Hdr": {
            "checksum": "0x234b",
            "dst": "192.168.0.253",
            "flags": "0x0",
            "fragmentOffset": 0,
            "headerLen": 5,
            "protocol": 17,
            "src": "192.168.0.10",
            "timeToLive": 128,
            "totalId": 37674,
            "totalLen": 544,
            "typeOfService": 0,
            "version": 4
        },
        "origLen": 558,
        "tmSec": 1367411052,
        "tmUSec": 94416
    },
    "90": {
        "ethHdr": {
            "dst": "00::50::8d::d7::8b::43",
            "src": "00::0b::be::18::9a::40",
            "type": "0x0800"
        },
        "incLen": 60,
        "ip4Hdr": {
            "checksum": "0x3948",
            "dst": "192.168.0.10",
            "flags": "0x0",
            "fragmentOffset": 0,
            "headerLen": 5,
            "protocol": 17,
            "src": "192.168.0.253",
            "timeToLive": 255,
            "totalId": 45,
            "totalLen": 32,
            "typeOfService": 0,
            "version": 4
        },
        "origLen": 60,
        "tmSec": 1367411052,
        "tmUSec": 244860
    },
    "91": {
        "ethHdr": {
            "dst": "00::0b::be::18::9a::40",
            "src": "00::50::8d::d7::8b::43",
            "type": "0x0800"
        },
        "incLen": 558,
        "ip4Hdr": {
            "checksum": "0x231b",
            "dst": "192.168.0.253",
            "flags": "0x0",
            "fragmentOffset": 0,
            "headerLen": 5,
            "protocol": 17,
            "src": "192.168.0.10",
            "timeToLive": 128,
            "totalId": 37722,
            "totalLen": 544,
            "typeOfService": 0,
            "version": 4
        },
        "origLen": 558,
        "tmSec": 1367411052,
        "tmUSec": 244935
    },
    "92": {
        "ethHdr": {
            "dst": "00::50::8d::d7::8b::43",
            "src": "00::0b::be::18::9a::40",
            "type": "0x0800"
        },
        "incLen": 60,
        "ip4Hdr": {
            "checksum": "0x3947",
            "dst": "192.168.0.10",
            "flags": "0x0",
            "fragmentOffset": 0,
            "headerLen": 5,
            "protocol": 17,
            "src": "192.168.0.253",
            "timeToLive": 255,
            "totalId": 46,
            "totalLen": 32,
            "typeOfService": 0,
            "version": 4
        },
        "origLen": 60,
        "tmSec": 1367411052,
        "tmUSec": 247553
    },
    "93": {
        "ethHdr": {
            "dst": "00::0b::be::18::9a::40",
            "src": "00::50::8d::d7::8b::43",
            "type": "0x0800"
        },
        "incLen": 558,
        "ip4Hdr": {
            "checksum": "0x231a",
            "dst": "192.168.0.253",
            "flags": "0x0",
            "fragmentOffset": 0,
            "headerLen": 5,
            "protocol": 17,
            "src": "192.168.0.10",
            "timeToLive": 128,
            "totalId": 37723,
            "totalLen": 544,
            "typeOfService": 0,
            "version": 4
        },
        "origLen": 558,
        "tmSec": 1367411052,
        "tmUSec": 250989
    },
    "94": {
        "ethHdr": {
            "dst": "00::50::8d::d7::8b::43",
            "src": "00::0b::be::18::9a::40",
            "type": "0x0800"
        },
        "incLen": 60,
        "ip4Hdr": {
            "checksum": "0x3946",
            "dst": "192.168.0.10",
            "flags": "0x0",
            "fragmentOffset": 0,
            "headerLen": 5,
            "protocol": 17,
            "src": "192.168.0.253",
            "timeToLive": 255,
            "totalId": 47,
            "totalLen": 32,
            "typeOfService": 0,
            "version": 4
        },
        "origLen": 60,
        "tmSec": 1367411052,
        "tmUSec": 253440
    },
    "95": {
        "ethHdr": {
            "dst": "00::0b::be::18::9a::40",
            "src": "00::50::8d::d7::8b::43",
            "type": "0x0800"
        },
        "incLen": 558,
        "ip4Hdr": {
            "checksum": "0x2319",
            "dst": "192.168.0.253",
            "flags": "0x0",
            "fragmentOffset": 0,
            "headerLen": 5,
            "protocol": 17,
            "src": "192.168.0.10",
            "timeToLive": 128,
            "totalId": 37724,
            "totalLen": 544,
            "typeOfService": 0,
            "version": 4
        },
        "origLen": 558,
        "tmSec": 1367411052,
        "tmUSec": 253476
    },
    "96": {
        "ethHdr": {
            "dst": "00::50::8d::d7::8b::43",
            "src": "00::0b::be::18::9a::40",
            "type": "0x0800"
        },
        "incLen": 60,
        "ip4Hdr": {
            "checksum": "0x3945",
            "dst": "192.168.0.10",
            "flags": "0x0",
            "fragmentOffset": 0,
            "headerLen": 5,
            "protocol": 17,
            "src": "192.168.0.253",
            "timeToLive": 255,
            "totalId": 48,
            "totalLen": 32,
            "typeOfService": 0,
            "version": 4
        },
        "origLen": 60,
        "tmSec": 1367411052,
        "tmUSec": 256118
    },
    "97": {
        "ethHdr": {
            "dst": "00::0b::be::18::9a::40",
            "src": "00::50::8d::d7::8b::43",
            "type": "0x0800"
        },
        "incLen": 69,
        "ip4Hdr": {
            "checksum": "0x2501",
            "dst": "192.168.0.253",
            "flags": "0x0",
            "fragmentOffset": 0,
            "headerLen": 5,
            "protocol": 17,
            "src": "192.168.0.10",
            "timeToLive": 128,
            "totalId": 37725,
            "totalLen": 55,
            "typeOfService": 0,
            "version": 4
        },
        "origLen": 69,
        "tmSec": 1367411052,
        "tmUSec": 256145
    },
    "98": {
        "ethHdr": {
            "dst": "00::50::8d::d7::8b::43",
            "src": "00::0b::be::18::9a::40",
            "type": "0x0800"
        },
        "incLen": 60,
        "ip4Hdr": {
            "checksum": "0x3944",
            "dst": "192.168.0.10",
            "flags": "0x0",
            "fragmentOffset": 0,
            "headerLen": 5,
            "protocol": 17,
            "src": "192.168.0.253",
            "timeToLive": 255,
            "totalId": 49,
            "totalLen": 32,
            "typeOfService": 0,
            "version": 4
        },
        "origLen": 60,
        "tmSec": 1367411052,
        "tmUSec": 258801
    },
    "count": 99,
    "magicNumber": 2712847316,
    "majorVersion": 2,
    "minorVersion": 4,
    "network": 1,
    "sigfigs": 0,
    "snaplen": 65535,
    "thiszone": 0
}
